{
"contracts/gnus-ai/DiamondInitFacet.sol":{"l":{"35":0,"39":0,"46":1,"47":1,"48":1,"51":1,"52":1,"53":1,"55":1,"56":1,"57":1,"60":1,"63":1,"69":1,"70":1,"71":1,"72":1,"73":1},"path":"/workspaces/gnus-ai/contracts/gnus-ai/DiamondInitFacet.sol","s":{"1":0,"2":1,"3":1,"4":1,"5":1,"6":1,"7":1,"8":1,"9":1,"10":1,"11":1,"12":1},"b":{"1":[0,0]},"f":{"1":0,"2":1,"3":1},"fnMap":{"1":{"name":"onlySuperAdminRole","line":34,"loc":{"start":{"line":34,"column":4},"end":{"line":40,"column":4}}},"2":{"name":"diamondInitialize250","line":45,"loc":{"start":{"line":45,"column":4},"end":{"line":64,"column":4}}},"3":{"name":"initializeGNUSWithdrawLimiter","line":68,"loc":{"start":{"line":68,"column":4},"end":{"line":74,"column":4}}}},"statementMap":{"1":{"start":{"line":35,"column":8},"end":{"line":35,"column":1659}},"2":{"start":{"line":46,"column":8},"end":{"line":46,"column":67}},"3":{"start":{"line":47,"column":8},"end":{"line":47,"column":37}},"4":{"start":{"line":48,"column":8},"end":{"line":48,"column":65}},"5":{"start":{"line":51,"column":8},"end":{"line":51,"column":51}},"6":{"start":{"line":52,"column":8},"end":{"line":52,"column":44}},"7":{"start":{"line":53,"column":8},"end":{"line":53,"column":46}},"8":{"start":{"line":55,"column":8},"end":{"line":55,"column":45}},"9":{"start":{"line":56,"column":8},"end":{"line":56,"column":38}},"10":{"start":{"line":57,"column":8},"end":{"line":57,"column":40}},"11":{"start":{"line":63,"column":8},"end":{"line":63,"column":38}},"12":{"start":{"line":69,"column":8},"end":{"line":69,"column":89}}},"branchMap":{"1":{"line":35,"type":"if","locations":[{"start":{"line":35,"column":8},"end":{"line":35,"column":8}},{"start":{"line":35,"column":8},"end":{"line":35,"column":8}}]}}},
"contracts/gnus-ai/ERC1155ProxyOperator.sol":{"l":{"33":10,"34":5,"38":5,"48":27,"58":7},"path":"/workspaces/gnus-ai/contracts/gnus-ai/ERC1155ProxyOperator.sol","s":{"1":10,"2":5,"3":5,"4":27,"5":7},"b":{"1":[5,5]},"f":{"1":10,"2":27,"3":7},"fnMap":{"1":{"name":"isApprovedForAll","line":28,"loc":{"start":{"line":28,"column":4},"end":{"line":39,"column":4}}},"2":{"name":"totalSupply","line":47,"loc":{"start":{"line":47,"column":4},"end":{"line":49,"column":4}}},"3":{"name":"creators","line":57,"loc":{"start":{"line":57,"column":4},"end":{"line":59,"column":4}}}},"statementMap":{"1":{"start":{"line":33,"column":8},"end":{"line":33,"column":1646}},"2":{"start":{"line":34,"column":12},"end":{"line":34,"column":23}},"3":{"start":{"line":38,"column":8},"end":{"line":38,"column":76}},"4":{"start":{"line":48,"column":8},"end":{"line":48,"column":61}},"5":{"start":{"line":58,"column":8},"end":{"line":58,"column":62}}},"branchMap":{"1":{"line":33,"type":"if","locations":[{"start":{"line":33,"column":8},"end":{"line":33,"column":8}},{"start":{"line":33,"column":8},"end":{"line":33,"column":8}}]}}},
"contracts/gnus-ai/ERC20TransferBatch.sol":{"l":{"33":0,"43":31,"44":31,"48":30,"72":59,"74":59,"76":29,"77":29,"78":28,"80":29,"84":28,"87":30,"88":30,"89":58,"90":12,"93":30,"94":10,"95":8,"96":8,"114":30,"115":30,"120":29,"122":28,"123":31,"124":31,"125":30,"128":27,"130":27,"142":32,"143":32,"149":31,"150":31,"151":31,"155":31,"156":11,"159":30,"161":28,"162":56,"163":56,"164":42,"167":55,"168":55,"172":54,"173":54,"176":54,"180":26,"182":26,"189":22,"199":10},"path":"/workspaces/gnus-ai/contracts/gnus-ai/ERC20TransferBatch.sol","s":{"1":0,"2":31,"3":31,"4":30,"5":59,"6":59,"7":29,"8":29,"9":29,"10":30,"11":30,"12":58,"13":30,"14":10,"15":30,"16":30,"17":29,"18":28,"19":31,"20":31,"21":27,"22":27,"23":32,"24":32,"25":31,"26":31,"27":31,"28":11,"29":30,"30":28,"31":56,"32":56,"33":42,"34":55,"35":55,"36":26,"37":26,"38":22,"39":10},"b":{"1":[0,0],"2":[0,0],"3":[30,1],"4":[29,30],"5":[28,1],"6":[12,46],"7":[10,20],"8":[8,2],"9":[29,1],"10":[30,1],"11":[31,1],"12":[11,20],"13":[42,14],"14":[41,1],"15":[54,1]},"f":{"1":0,"2":31,"3":59,"4":53,"5":30,"6":32,"7":22,"8":10},"fnMap":{"1":{"name":"supportsInterface","line":24,"loc":{"start":{"line":24,"column":4},"end":{"line":36,"column":4}}},"2":{"name":"mintBatch","line":42,"loc":{"start":{"line":42,"column":4},"end":{"line":49,"column":4}}},"3":{"name":"_beforeTokenTransfer","line":67,"loc":{"start":{"line":67,"column":4},"end":{"line":100,"column":4}}},"4":{"name":"_afterTokenTransfer","line":103,"loc":{"start":{"line":103,"column":4},"end":{"line":108,"column":24}}},"5":{"name":"_mintBatch","line":113,"loc":{"start":{"line":113,"column":4},"end":{"line":131,"column":4}}},"6":{"name":"_transferBatch","line":137,"loc":{"start":{"line":137,"column":4},"end":{"line":183,"column":4}}},"7":{"name":"transferBatch","line":188,"loc":{"start":{"line":188,"column":4},"end":{"line":190,"column":4}}},"8":{"name":"transferOrBurnBatch","line":195,"loc":{"start":{"line":195,"column":4},"end":{"line":200,"column":4}}}},"statementMap":{"1":{"start":{"line":33,"column":8},"end":{"line":33,"column":1504}},"2":{"start":{"line":43,"column":8},"end":{"line":43,"column":39}},"3":{"start":{"line":44,"column":8},"end":{"line":44,"column":2105}},"4":{"start":{"line":48,"column":8},"end":{"line":48,"column":40}},"5":{"start":{"line":72,"column":8},"end":{"line":72,"column":82}},"6":{"start":{"line":74,"column":8},"end":{"line":74,"column":3319}},"7":{"start":{"line":76,"column":12},"end":{"line":76,"column":38}},"8":{"start":{"line":77,"column":12},"end":{"line":77,"column":3431}},"9":{"start":{"line":80,"column":12},"end":{"line":80,"column":3545}},"10":{"start":{"line":87,"column":12},"end":{"line":87,"column":34}},"11":{"start":{"line":88,"column":12},"end":{"line":88,"column":3900}},"12":{"start":{"line":89,"column":16},"end":{"line":89,"column":3972}},"13":{"start":{"line":93,"column":12},"end":{"line":93,"column":4095}},"14":{"start":{"line":94,"column":16},"end":{"line":94,"column":91}},"15":{"start":{"line":114,"column":8},"end":{"line":114,"column":39}},"16":{"start":{"line":115,"column":8},"end":{"line":115,"column":4986}},"17":{"start":{"line":120,"column":8},"end":{"line":120,"column":62}},"18":{"start":{"line":122,"column":8},"end":{"line":122,"column":5192}},"19":{"start":{"line":123,"column":12},"end":{"line":123,"column":40}},"20":{"start":{"line":124,"column":12},"end":{"line":124,"column":79}},"21":{"start":{"line":128,"column":8},"end":{"line":128,"column":71}},"22":{"start":{"line":130,"column":8},"end":{"line":130,"column":71}},"23":{"start":{"line":142,"column":8},"end":{"line":142,"column":39}},"24":{"start":{"line":143,"column":8},"end":{"line":143,"column":6134}},"25":{"start":{"line":149,"column":8},"end":{"line":149,"column":31}},"26":{"start":{"line":150,"column":8},"end":{"line":150,"column":6383}},"27":{"start":{"line":155,"column":8},"end":{"line":155,"column":6539}},"28":{"start":{"line":156,"column":12},"end":{"line":156,"column":83}},"29":{"start":{"line":159,"column":8},"end":{"line":159,"column":60}},"30":{"start":{"line":161,"column":8},"end":{"line":161,"column":6769}},"31":{"start":{"line":162,"column":12},"end":{"line":162,"column":40}},"32":{"start":{"line":163,"column":12},"end":{"line":163,"column":6879}},"33":{"start":{"line":164,"column":16},"end":{"line":164,"column":98}},"34":{"start":{"line":167,"column":12},"end":{"line":167,"column":92}},"35":{"start":{"line":168,"column":12},"end":{"line":168,"column":7118}},"36":{"start":{"line":180,"column":8},"end":{"line":180,"column":69}},"37":{"start":{"line":182,"column":8},"end":{"line":182,"column":69}},"38":{"start":{"line":189,"column":8},"end":{"line":189,"column":50}},"39":{"start":{"line":199,"column":8},"end":{"line":199,"column":51}}},"branchMap":{"1":{"line":33,"type":"cond-expr","locations":[{"start":{"line":33,"column":16},"end":{"line":33,"column":64}},{"start":{"line":34,"column":12},"end":{"line":34,"column":76}}]},"2":{"line":33,"type":"cond-expr","locations":[{"start":{"line":33,"column":16},"end":{"line":34,"column":76}},{"start":{"line":35,"column":12},"end":{"line":35,"column":81}}]},"3":{"line":44,"type":"if","locations":[{"start":{"line":44,"column":8},"end":{"line":44,"column":8}},{"start":{"line":44,"column":8},"end":{"line":44,"column":8}}]},"4":{"line":74,"type":"if","locations":[{"start":{"line":74,"column":8},"end":{"line":74,"column":8}},{"start":{"line":74,"column":8},"end":{"line":74,"column":8}}]},"5":{"line":80,"type":"if","locations":[{"start":{"line":80,"column":12},"end":{"line":80,"column":12}},{"start":{"line":80,"column":12},"end":{"line":80,"column":12}}]},"6":{"line":89,"type":"if","locations":[{"start":{"line":89,"column":16},"end":{"line":89,"column":16}},{"start":{"line":89,"column":16},"end":{"line":89,"column":16}}]},"7":{"line":93,"type":"if","locations":[{"start":{"line":93,"column":12},"end":{"line":93,"column":12}},{"start":{"line":93,"column":12},"end":{"line":93,"column":12}}]},"8":{"line":94,"type":"if","locations":[{"start":{"line":94,"column":16},"end":{"line":94,"column":16}},{"start":{"line":94,"column":16},"end":{"line":94,"column":16}}]},"9":{"line":115,"type":"if","locations":[{"start":{"line":115,"column":8},"end":{"line":115,"column":8}},{"start":{"line":115,"column":8},"end":{"line":115,"column":8}}]},"10":{"line":124,"type":"if","locations":[{"start":{"line":124,"column":12},"end":{"line":124,"column":12}},{"start":{"line":124,"column":12},"end":{"line":124,"column":12}}]},"11":{"line":143,"type":"if","locations":[{"start":{"line":143,"column":8},"end":{"line":143,"column":8}},{"start":{"line":143,"column":8},"end":{"line":143,"column":8}}]},"12":{"line":155,"type":"if","locations":[{"start":{"line":155,"column":8},"end":{"line":155,"column":8}},{"start":{"line":155,"column":8},"end":{"line":155,"column":8}}]},"13":{"line":163,"type":"if","locations":[{"start":{"line":163,"column":12},"end":{"line":163,"column":12}},{"start":{"line":163,"column":12},"end":{"line":163,"column":12}}]},"14":{"line":164,"type":"if","locations":[{"start":{"line":164,"column":16},"end":{"line":164,"column":16}},{"start":{"line":164,"column":16},"end":{"line":164,"column":16}}]},"15":{"line":168,"type":"if","locations":[{"start":{"line":168,"column":12},"end":{"line":168,"column":12}},{"start":{"line":168,"column":12},"end":{"line":168,"column":12}}]}}},
"contracts/gnus-ai/GeniusAccessControl.sol":{"l":{"24":6,"25":6,"34":6,"35":6,"36":6,"47":0,"51":0,"62":2,"66":2,"74":101,"75":88},"path":"/workspaces/gnus-ai/contracts/gnus-ai/GeniusAccessControl.sol","s":{"1":6,"2":6,"3":6,"4":6,"5":6,"6":0,"7":0,"8":2,"9":2,"10":101},"b":{"1":[6,0],"2":[6,0],"3":[6,0],"4":[0,0],"5":[2,0],"6":[88,13]},"f":{"1":6,"2":6,"3":0,"4":2,"5":101},"fnMap":{"1":{"name":"__GeniusAccessControl_init","line":23,"loc":{"start":{"line":23,"column":4},"end":{"line":26,"column":4}}},"2":{"name":"__GeniusAccessControl_init_unchained","line":33,"loc":{"start":{"line":33,"column":4},"end":{"line":37,"column":4}}},"3":{"name":"renounceRole","line":46,"loc":{"start":{"line":46,"column":4},"end":{"line":52,"column":4}}},"4":{"name":"revokeRole","line":61,"loc":{"start":{"line":61,"column":4},"end":{"line":67,"column":4}}},"5":{"name":"onlySuperAdminRole","line":73,"loc":{"start":{"line":73,"column":4},"end":{"line":76,"column":4}}}},"statementMap":{"1":{"start":{"line":24,"column":8},"end":{"line":24,"column":49}},"2":{"start":{"line":25,"column":8},"end":{"line":25,"column":45}},"3":{"start":{"line":34,"column":8},"end":{"line":34,"column":41}},"4":{"start":{"line":35,"column":8},"end":{"line":35,"column":49}},"5":{"start":{"line":36,"column":8},"end":{"line":36,"column":44}},"6":{"start":{"line":47,"column":8},"end":{"line":47,"column":2315}},"7":{"start":{"line":51,"column":8},"end":{"line":51,"column":40}},"8":{"start":{"line":62,"column":8},"end":{"line":62,"column":3030}},"9":{"start":{"line":66,"column":8},"end":{"line":66,"column":38}},"10":{"start":{"line":74,"column":8},"end":{"line":74,"column":98}}},"branchMap":{"1":{"line":23,"type":"if","locations":[{"start":{"line":23,"column":51},"end":{"line":23,"column":51}},{"start":{"line":23,"column":51},"end":{"line":23,"column":51}}]},"2":{"line":23,"type":"if","locations":[{"start":{"line":23,"column":68},"end":{"line":23,"column":68}},{"start":{"line":23,"column":68},"end":{"line":23,"column":68}}]},"3":{"line":33,"type":"if","locations":[{"start":{"line":33,"column":61},"end":{"line":33,"column":61}},{"start":{"line":33,"column":61},"end":{"line":33,"column":61}}]},"4":{"line":47,"type":"if","locations":[{"start":{"line":47,"column":8},"end":{"line":47,"column":8}},{"start":{"line":47,"column":8},"end":{"line":47,"column":8}}]},"5":{"line":62,"type":"if","locations":[{"start":{"line":62,"column":8},"end":{"line":62,"column":8}},{"start":{"line":62,"column":8},"end":{"line":62,"column":8}}]},"6":{"line":74,"type":"if","locations":[{"start":{"line":74,"column":8},"end":{"line":74,"column":8}},{"start":{"line":74,"column":8},"end":{"line":74,"column":8}}]}}},
"contracts/gnus-ai/GeniusAI.sol":{"l":{"20":5,"21":5,"22":5,"32":97,"33":97,"34":97},"path":"/workspaces/gnus-ai/contracts/gnus-ai/GeniusAI.sol","s":{"1":5,"2":97,"3":97},"b":{},"f":{"1":5,"2":97},"fnMap":{"1":{"name":"GeniusAI_Initialize","line":19,"loc":{"start":{"line":19,"column":4},"end":{"line":23,"column":4}}},"2":{"name":"OpenEscrow","line":31,"loc":{"start":{"line":31,"column":4},"end":{"line":39,"column":4}}}},"statementMap":{"1":{"start":{"line":21,"column":8},"end":{"line":21,"column":35}},"2":{"start":{"line":32,"column":8},"end":{"line":32,"column":37}},"3":{"start":{"line":33,"column":8},"end":{"line":33,"column":72}}},"branchMap":{}},
"contracts/gnus-ai/GeniusAIStorage.sol":{"l":{"34":194,"35":194},"path":"/workspaces/gnus-ai/contracts/gnus-ai/GeniusAIStorage.sol","s":{"1":194},"b":{},"f":{"1":194},"fnMap":{"1":{"name":"layout","line":33,"loc":{"start":{"line":33,"column":4},"end":{"line":38,"column":4}}}},"statementMap":{"1":{"start":{"line":34,"column":8},"end":{"line":34,"column":53}}},"branchMap":{}},
"contracts/gnus-ai/GeniusDiamond.sol":{"l":{"31":1,"34":1,"35":1,"36":1,"37":1,"40":1,"50":6},"path":"/workspaces/gnus-ai/contracts/gnus-ai/GeniusDiamond.sol","s":{"1":1,"2":1,"3":1,"4":1,"5":1,"6":6},"b":{"1":[3,3]},"f":{"1":1,"2":6},"fnMap":{"1":{"name":"constructor","line":29,"loc":{"start":{"line":26,"column":4},"end":{"line":41,"column":4}}},"2":{"name":"supportsInterface","line":49,"loc":{"start":{"line":49,"column":4},"end":{"line":52,"column":4}}}},"statementMap":{"1":{"start":{"line":31,"column":8},"end":{"line":31,"column":29}},"2":{"start":{"line":34,"column":8},"end":{"line":34,"column":64}},"3":{"start":{"line":35,"column":8},"end":{"line":35,"column":63}},"4":{"start":{"line":36,"column":8},"end":{"line":36,"column":56}},"5":{"start":{"line":37,"column":8},"end":{"line":37,"column":58}},"6":{"start":{"line":50,"column":8},"end":{"line":50,"column":2519}}},"branchMap":{"1":{"line":50,"type":"cond-expr","locations":[{"start":{"line":50,"column":15},"end":{"line":50,"column":50}},{"start":{"line":51,"column":12},"end":{"line":51,"column":71}}]}}},
"contracts/gnus-ai/GeniusOwnershipFacet.sol":{"l":{"21":20,"24":18,"27":18,"28":18,"31":18,"32":17,"33":17,"43":13},"path":"/workspaces/gnus-ai/contracts/gnus-ai/GeniusOwnershipFacet.sol","s":{"1":20,"2":18,"3":18,"4":18,"5":18,"6":17,"7":17},"b":{"1":[17,1]},"f":{"1":20,"2":13},"fnMap":{"1":{"name":"transferOwnership","line":19,"loc":{"start":{"line":19,"column":4},"end":{"line":35,"column":4}}},"2":{"name":"owner","line":42,"loc":{"start":{"line":42,"column":4},"end":{"line":44,"column":4}}}},"statementMap":{"1":{"start":{"line":21,"column":8},"end":{"line":21,"column":42}},"2":{"start":{"line":24,"column":8},"end":{"line":24,"column":45}},"3":{"start":{"line":27,"column":8},"end":{"line":27,"column":48}},"4":{"start":{"line":28,"column":8},"end":{"line":28,"column":43}},"5":{"start":{"line":31,"column":8},"end":{"line":31,"column":1402}},"6":{"start":{"line":32,"column":12},"end":{"line":32,"column":54}},"7":{"start":{"line":33,"column":12},"end":{"line":33,"column":49}}},"branchMap":{"1":{"line":31,"type":"if","locations":[{"start":{"line":31,"column":8},"end":{"line":31,"column":8}},{"start":{"line":31,"column":8},"end":{"line":31,"column":8}}]}}},
"contracts/gnus-ai/GNUSBridge.sol":{"l":{"58":0,"70":114,"71":114,"72":7,"74":114,"75":113,"85":87,"96":8,"106":2,"107":1,"130":114,"132":113,"133":113,"134":113,"136":113,"138":113,"139":113,"141":113,"150":24,"151":24,"152":23,"153":22,"157":21,"161":21,"162":19,"165":19,"166":19,"176":4,"177":4,"178":3,"179":2,"180":2,"196":3,"206":30,"217":16,"218":9,"219":9,"233":17,"251":9,"252":9,"253":9,"269":1,"270":1,"271":1,"292":2,"293":2,"294":2,"295":1,"296":1,"299":1,"321":18,"323":17,"324":17,"325":17,"327":17,"329":11,"330":11,"331":11,"332":11,"334":11,"336":11,"338":11,"355":6,"356":6,"357":2,"358":2,"359":2,"376":13,"377":13,"379":13,"380":13,"392":6,"393":6,"394":6,"395":2,"396":2},"path":"/workspaces/gnus-ai/contracts/gnus-ai/GNUSBridge.sol","s":{"1":0,"2":114,"3":114,"4":114,"5":113,"6":87,"7":8,"8":2,"9":1,"10":114,"11":113,"12":113,"13":113,"14":113,"15":113,"16":113,"17":24,"18":24,"19":23,"20":22,"21":21,"22":21,"23":19,"24":19,"25":19,"26":4,"27":4,"28":3,"29":2,"30":2,"31":3,"32":30,"33":16,"34":9,"35":9,"36":17,"37":9,"38":9,"39":9,"40":1,"41":1,"42":1,"43":2,"44":2,"45":2,"46":1,"47":1,"48":18,"49":17,"50":17,"51":17,"52":17,"53":11,"54":11,"55":11,"56":11,"57":6,"58":6,"59":2,"60":2,"61":2,"62":13,"63":13,"64":13,"65":6,"66":6,"67":6,"68":2},"b":{"1":[0,0],"2":[0,0],"3":[7,107],"4":[87,1],"5":[8,0],"6":[2,1],"7":[113,1],"8":[23,1],"9":[22,1],"10":[21,1],"11":[19,2],"12":[3,1],"13":[2,1],"14":[1,1],"15":[17,1],"16":[11,0],"17":[13,0],"18":[13,0],"19":[6,0],"20":[2,4]},"f":{"1":0,"2":114,"3":87,"4":8,"5":2,"6":114,"7":24,"8":4,"9":3,"10":30,"11":16,"12":17,"13":9,"14":1,"15":2,"16":18,"17":6,"18":13,"19":6},"fnMap":{"1":{"name":"supportsInterface","line":49,"loc":{"start":{"line":49,"column":4},"end":{"line":61,"column":4}}},"2":{"name":"_mintWithBridgeFee","line":69,"loc":{"start":{"line":69,"column":4},"end":{"line":76,"column":4}}},"3":{"name":"mint","line":84,"loc":{"start":{"line":84,"column":4},"end":{"line":86,"column":4}}},"4":{"name":"mint","line":95,"loc":{"start":{"line":95,"column":4},"end":{"line":97,"column":4}}},"5":{"name":"burn","line":105,"loc":{"start":{"line":105,"column":4},"end":{"line":108,"column":4}}},"6":{"name":"_mint","line":124,"loc":{"start":{"line":124,"column":4},"end":{"line":142,"column":4}}},"7":{"name":"withdraw","line":149,"loc":{"start":{"line":149,"column":4},"end":{"line":167,"column":4}}},"8":{"name":"bridgeOut","line":175,"loc":{"start":{"line":175,"column":4},"end":{"line":187,"column":4}}},"9":{"name":"totalSupply","line":195,"loc":{"start":{"line":195,"column":4},"end":{"line":197,"column":4}}},"10":{"name":"balanceOf","line":205,"loc":{"start":{"line":205,"column":4},"end":{"line":207,"column":4}}},"11":{"name":"transfer","line":216,"loc":{"start":{"line":216,"column":4},"end":{"line":220,"column":4}}},"12":{"name":"allowance","line":229,"loc":{"start":{"line":229,"column":4},"end":{"line":234,"column":4}}},"13":{"name":"approve","line":250,"loc":{"start":{"line":250,"column":4},"end":{"line":254,"column":4}}},"14":{"name":"increaseAllowance","line":268,"loc":{"start":{"line":268,"column":4},"end":{"line":272,"column":4}}},"15":{"name":"decreaseAllowance","line":288,"loc":{"start":{"line":288,"column":4},"end":{"line":300,"column":4}}},"16":{"name":"_safeTransferFrom","line":314,"loc":{"start":{"line":314,"column":4},"end":{"line":339,"column":4}}},"17":{"name":"transferFrom","line":350,"loc":{"start":{"line":350,"column":4},"end":{"line":360,"column":4}}},"18":{"name":"_approve","line":375,"loc":{"start":{"line":375,"column":4},"end":{"line":381,"column":4}}},"19":{"name":"_spendAllowance","line":391,"loc":{"start":{"line":391,"column":4},"end":{"line":399,"column":4}}}},"statementMap":{"1":{"start":{"line":58,"column":8},"end":{"line":58,"column":2277}},"2":{"start":{"line":70,"column":8},"end":{"line":70,"column":65}},"3":{"start":{"line":71,"column":8},"end":{"line":71,"column":2840}},"4":{"start":{"line":74,"column":8},"end":{"line":74,"column":39}},"5":{"start":{"line":75,"column":8},"end":{"line":75,"column":47}},"6":{"start":{"line":85,"column":8},"end":{"line":85,"column":54}},"7":{"start":{"line":96,"column":8},"end":{"line":96,"column":48}},"8":{"start":{"line":106,"column":8},"end":{"line":106,"column":41}},"9":{"start":{"line":107,"column":8},"end":{"line":107,"column":47}},"10":{"start":{"line":130,"column":8},"end":{"line":130,"column":69}},"11":{"start":{"line":132,"column":8},"end":{"line":132,"column":39}},"12":{"start":{"line":133,"column":8},"end":{"line":133,"column":51}},"13":{"start":{"line":134,"column":8},"end":{"line":134,"column":59}},"14":{"start":{"line":136,"column":8},"end":{"line":136,"column":73}},"15":{"start":{"line":139,"column":8},"end":{"line":139,"column":65}},"16":{"start":{"line":141,"column":8},"end":{"line":141,"column":72}},"17":{"start":{"line":150,"column":8},"end":{"line":150,"column":37}},"18":{"start":{"line":151,"column":8},"end":{"line":151,"column":88}},"19":{"start":{"line":152,"column":8},"end":{"line":152,"column":67}},"20":{"start":{"line":153,"column":8},"end":{"line":153,"column":71}},"21":{"start":{"line":157,"column":8},"end":{"line":157,"column":90}},"22":{"start":{"line":161,"column":8},"end":{"line":161,"column":6574}},"23":{"start":{"line":162,"column":12},"end":{"line":162,"column":80}},"24":{"start":{"line":165,"column":8},"end":{"line":165,"column":32}},"25":{"start":{"line":166,"column":8},"end":{"line":166,"column":60}},"26":{"start":{"line":176,"column":8},"end":{"line":176,"column":37}},"27":{"start":{"line":177,"column":8},"end":{"line":177,"column":88}},"28":{"start":{"line":178,"column":8},"end":{"line":178,"column":71}},"29":{"start":{"line":179,"column":8},"end":{"line":179,"column":32}},"30":{"start":{"line":180,"column":8},"end":{"line":180,"column":7393}},"31":{"start":{"line":196,"column":8},"end":{"line":196,"column":41}},"32":{"start":{"line":206,"column":8},"end":{"line":206,"column":48}},"33":{"start":{"line":217,"column":8},"end":{"line":217,"column":69}},"34":{"start":{"line":218,"column":8},"end":{"line":218,"column":47}},"35":{"start":{"line":219,"column":8},"end":{"line":219,"column":19}},"36":{"start":{"line":233,"column":8},"end":{"line":233,"column":64}},"37":{"start":{"line":251,"column":8},"end":{"line":251,"column":36}},"38":{"start":{"line":252,"column":8},"end":{"line":252,"column":39}},"39":{"start":{"line":253,"column":8},"end":{"line":253,"column":19}},"40":{"start":{"line":269,"column":8},"end":{"line":269,"column":36}},"41":{"start":{"line":270,"column":8},"end":{"line":270,"column":95}},"42":{"start":{"line":271,"column":8},"end":{"line":271,"column":19}},"43":{"start":{"line":292,"column":8},"end":{"line":292,"column":36}},"44":{"start":{"line":293,"column":8},"end":{"line":293,"column":84}},"45":{"start":{"line":294,"column":8},"end":{"line":294,"column":92}},"46":{"start":{"line":296,"column":12},"end":{"line":296,"column":71}},"47":{"start":{"line":299,"column":8},"end":{"line":299,"column":19}},"48":{"start":{"line":321,"column":8},"end":{"line":321,"column":73}},"49":{"start":{"line":323,"column":8},"end":{"line":323,"column":39}},"50":{"start":{"line":324,"column":8},"end":{"line":324,"column":51}},"51":{"start":{"line":325,"column":8},"end":{"line":325,"column":59}},"52":{"start":{"line":327,"column":8},"end":{"line":327,"column":67}},"53":{"start":{"line":329,"column":8},"end":{"line":329,"column":73}},"54":{"start":{"line":330,"column":8},"end":{"line":330,"column":83}},"55":{"start":{"line":336,"column":8},"end":{"line":336,"column":59}},"56":{"start":{"line":338,"column":8},"end":{"line":338,"column":66}},"57":{"start":{"line":355,"column":8},"end":{"line":355,"column":38}},"58":{"start":{"line":356,"column":8},"end":{"line":356,"column":45}},"59":{"start":{"line":357,"column":8},"end":{"line":357,"column":61}},"60":{"start":{"line":358,"column":8},"end":{"line":358,"column":39}},"61":{"start":{"line":359,"column":8},"end":{"line":359,"column":19}},"62":{"start":{"line":376,"column":8},"end":{"line":376,"column":75}},"63":{"start":{"line":377,"column":8},"end":{"line":377,"column":75}},"64":{"start":{"line":380,"column":8},"end":{"line":380,"column":45}},"65":{"start":{"line":392,"column":8},"end":{"line":392,"column":60}},"66":{"start":{"line":393,"column":8},"end":{"line":393,"column":15696}},"67":{"start":{"line":394,"column":12},"end":{"line":394,"column":79}},"68":{"start":{"line":396,"column":16},"end":{"line":396,"column":66}}},"branchMap":{"1":{"line":58,"type":"cond-expr","locations":[{"start":{"line":58,"column":16},"end":{"line":58,"column":64}},{"start":{"line":59,"column":12},"end":{"line":59,"column":76}}]},"2":{"line":58,"type":"cond-expr","locations":[{"start":{"line":58,"column":16},"end":{"line":59,"column":76}},{"start":{"line":60,"column":12},"end":{"line":60,"column":81}}]},"3":{"line":71,"type":"if","locations":[{"start":{"line":71,"column":8},"end":{"line":71,"column":8}},{"start":{"line":71,"column":8},"end":{"line":71,"column":8}}]},"4":{"line":84,"type":"if","locations":[{"start":{"line":84,"column":55},"end":{"line":84,"column":55}},{"start":{"line":84,"column":55},"end":{"line":84,"column":55}}]},"5":{"line":95,"type":"if","locations":[{"start":{"line":95,"column":72},"end":{"line":95,"column":72}},{"start":{"line":95,"column":72},"end":{"line":95,"column":72}}]},"6":{"line":105,"type":"if","locations":[{"start":{"line":105,"column":55},"end":{"line":105,"column":55}},{"start":{"line":105,"column":55},"end":{"line":105,"column":55}}]},"7":{"line":130,"type":"if","locations":[{"start":{"line":130,"column":8},"end":{"line":130,"column":8}},{"start":{"line":130,"column":8},"end":{"line":130,"column":8}}]},"8":{"line":151,"type":"if","locations":[{"start":{"line":151,"column":8},"end":{"line":151,"column":8}},{"start":{"line":151,"column":8},"end":{"line":151,"column":8}}]},"9":{"line":152,"type":"if","locations":[{"start":{"line":152,"column":8},"end":{"line":152,"column":8}},{"start":{"line":152,"column":8},"end":{"line":152,"column":8}}]},"10":{"line":153,"type":"if","locations":[{"start":{"line":153,"column":8},"end":{"line":153,"column":8}},{"start":{"line":153,"column":8},"end":{"line":153,"column":8}}]},"11":{"line":161,"type":"if","locations":[{"start":{"line":161,"column":8},"end":{"line":161,"column":8}},{"start":{"line":161,"column":8},"end":{"line":161,"column":8}}]},"12":{"line":177,"type":"if","locations":[{"start":{"line":177,"column":8},"end":{"line":177,"column":8}},{"start":{"line":177,"column":8},"end":{"line":177,"column":8}}]},"13":{"line":178,"type":"if","locations":[{"start":{"line":178,"column":8},"end":{"line":178,"column":8}},{"start":{"line":178,"column":8},"end":{"line":178,"column":8}}]},"14":{"line":294,"type":"if","locations":[{"start":{"line":294,"column":8},"end":{"line":294,"column":8}},{"start":{"line":294,"column":8},"end":{"line":294,"column":8}}]},"15":{"line":321,"type":"if","locations":[{"start":{"line":321,"column":8},"end":{"line":321,"column":8}},{"start":{"line":321,"column":8},"end":{"line":321,"column":8}}]},"16":{"line":330,"type":"if","locations":[{"start":{"line":330,"column":8},"end":{"line":330,"column":8}},{"start":{"line":330,"column":8},"end":{"line":330,"column":8}}]},"17":{"line":376,"type":"if","locations":[{"start":{"line":376,"column":8},"end":{"line":376,"column":8}},{"start":{"line":376,"column":8},"end":{"line":376,"column":8}}]},"18":{"line":377,"type":"if","locations":[{"start":{"line":377,"column":8},"end":{"line":377,"column":8}},{"start":{"line":377,"column":8},"end":{"line":377,"column":8}}]},"19":{"line":393,"type":"if","locations":[{"start":{"line":393,"column":8},"end":{"line":393,"column":8}},{"start":{"line":393,"column":8},"end":{"line":393,"column":8}}]},"20":{"line":394,"type":"if","locations":[{"start":{"line":394,"column":12},"end":{"line":394,"column":12}},{"start":{"line":394,"column":12},"end":{"line":394,"column":12}}]}}},
"contracts/gnus-ai/GNUSConstants.sol":{"l":{},"path":"/workspaces/gnus-ai/contracts/gnus-ai/GNUSConstants.sol","s":{},"b":{},"f":{},"fnMap":{},"statementMap":{},"branchMap":{}},
"contracts/gnus-ai/GNUSContractAssets.sol":{"l":{"42":8,"43":1,"46":7,"48":3,"49":3,"50":0,"54":4,"57":7},"path":"/workspaces/gnus-ai/contracts/gnus-ai/GNUSContractAssets.sol","s":{"1":8,"2":7,"3":3,"4":3,"5":4,"6":7},"b":{"1":[8,1],"2":[1,7],"3":[3,4],"4":[0,3]},"f":{"1":8},"fnMap":{"1":{"name":"withdrawToken","line":40,"loc":{"start":{"line":40,"column":4},"end":{"line":58,"column":4}}}},"statementMap":{"1":{"start":{"line":42,"column":8},"end":{"line":42,"column":2079}},"2":{"start":{"line":46,"column":8},"end":{"line":46,"column":2169}},"3":{"start":{"line":48,"column":12},"end":{"line":48,"column":67}},"4":{"start":{"line":49,"column":12},"end":{"line":49,"column":2322}},"5":{"start":{"line":54,"column":12},"end":{"line":54,"column":57}},"6":{"start":{"line":57,"column":8},"end":{"line":57,"column":53}}},"branchMap":{"1":{"line":40,"type":"if","locations":[{"start":{"line":40,"column":79},"end":{"line":40,"column":79}},{"start":{"line":40,"column":79},"end":{"line":40,"column":79}}]},"2":{"line":42,"type":"if","locations":[{"start":{"line":42,"column":8},"end":{"line":42,"column":8}},{"start":{"line":42,"column":8},"end":{"line":42,"column":8}}]},"3":{"line":46,"type":"if","locations":[{"start":{"line":46,"column":8},"end":{"line":46,"column":8}},{"start":{"line":46,"column":8},"end":{"line":46,"column":8}}]},"4":{"line":49,"type":"if","locations":[{"start":{"line":49,"column":12},"end":{"line":49,"column":12}},{"start":{"line":49,"column":12},"end":{"line":49,"column":12}}]}}},
"contracts/gnus-ai/GNUSControl.sol":{"l":{"49":2,"54":1,"55":1,"63":12,"64":12,"72":4,"73":4,"85":12,"86":23,"87":23,"88":23,"91":12,"103":4,"104":4,"105":4,"106":4,"109":4,"118":11,"119":10,"120":10,"128":5,"138":11,"139":11,"140":11,"148":2},"path":"/workspaces/gnus-ai/contracts/gnus-ai/GNUSControl.sol","s":{"1":2,"2":12,"3":4,"4":12,"5":12,"6":4,"7":4,"8":11,"9":10},"b":{"1":[2,0],"2":[1,1],"3":[12,1],"4":[4,1],"5":[12,1],"6":[4,1],"7":[11,1],"8":[10,1],"9":[5,1],"10":[2,1]},"f":{"1":2,"2":12,"3":4,"4":12,"5":4,"6":11,"7":5,"8":11,"9":2},"fnMap":{"1":{"name":"GNUSControl_Initialize230","line":48,"loc":{"start":{"line":48,"column":4},"end":{"line":56,"column":4}}},"2":{"name":"banTransferorForAll","line":62,"loc":{"start":{"line":62,"column":4},"end":{"line":65,"column":4}}},"3":{"name":"allowTransferorForAll","line":71,"loc":{"start":{"line":71,"column":4},"end":{"line":74,"column":4}}},"4":{"name":"banTransferorBatch","line":84,"loc":{"start":{"line":81,"column":4},"end":{"line":92,"column":4}}},"5":{"name":"allowTransferorBatch","line":102,"loc":{"start":{"line":99,"column":4},"end":{"line":110,"column":4}}},"6":{"name":"updateBridgeFee","line":117,"loc":{"start":{"line":117,"column":4},"end":{"line":121,"column":4}}},"7":{"name":"setChainID","line":127,"loc":{"start":{"line":127,"column":4},"end":{"line":129,"column":4}}},"8":{"name":"protocolInfo","line":137,"loc":{"start":{"line":137,"column":4},"end":{"line":141,"column":4}}},"9":{"name":"setProtocolVersion","line":147,"loc":{"start":{"line":147,"column":4},"end":{"line":149,"column":4}}}},"statementMap":{"1":{"start":{"line":49,"column":8},"end":{"line":49,"column":2019}},"2":{"start":{"line":64,"column":8},"end":{"line":64,"column":48}},"3":{"start":{"line":73,"column":8},"end":{"line":73,"column":53}},"4":{"start":{"line":85,"column":8},"end":{"line":85,"column":3455}},"5":{"start":{"line":91,"column":8},"end":{"line":91,"column":54}},"6":{"start":{"line":103,"column":8},"end":{"line":103,"column":4116}},"7":{"start":{"line":109,"column":8},"end":{"line":109,"column":59}},"8":{"start":{"line":118,"column":8},"end":{"line":118,"column":48}},"9":{"start":{"line":120,"column":8},"end":{"line":120,"column":36}}},"branchMap":{"1":{"line":48,"type":"if","locations":[{"start":{"line":48,"column":50},"end":{"line":48,"column":50}},{"start":{"line":48,"column":50},"end":{"line":48,"column":50}}]},"2":{"line":49,"type":"if","locations":[{"start":{"line":49,"column":8},"end":{"line":49,"column":8}},{"start":{"line":49,"column":8},"end":{"line":49,"column":8}}]},"3":{"line":62,"type":"if","locations":[{"start":{"line":62,"column":65},"end":{"line":62,"column":65}},{"start":{"line":62,"column":65},"end":{"line":62,"column":65}}]},"4":{"line":71,"type":"if","locations":[{"start":{"line":71,"column":67},"end":{"line":71,"column":67}},{"start":{"line":71,"column":67},"end":{"line":71,"column":67}}]},"5":{"line":84,"type":"if","locations":[{"start":{"line":84,"column":15},"end":{"line":84,"column":15}},{"start":{"line":84,"column":15},"end":{"line":84,"column":15}}]},"6":{"line":102,"type":"if","locations":[{"start":{"line":102,"column":15},"end":{"line":102,"column":15}},{"start":{"line":102,"column":15},"end":{"line":102,"column":15}}]},"7":{"line":117,"type":"if","locations":[{"start":{"line":117,"column":54},"end":{"line":117,"column":54}},{"start":{"line":117,"column":54},"end":{"line":117,"column":54}}]},"8":{"line":118,"type":"if","locations":[{"start":{"line":118,"column":8},"end":{"line":118,"column":8}},{"start":{"line":118,"column":8},"end":{"line":118,"column":8}}]},"9":{"line":127,"type":"if","locations":[{"start":{"line":127,"column":50},"end":{"line":127,"column":50}},{"start":{"line":127,"column":50},"end":{"line":127,"column":50}}]},"10":{"line":147,"type":"if","locations":[{"start":{"line":147,"column":66},"end":{"line":147,"column":66}},{"start":{"line":147,"column":66},"end":{"line":147,"column":66}}]}}},
"contracts/gnus-ai/GNUSControlStorage.sol":{"l":{"37":663,"38":663,"50":227,"62":0,"64":0,"65":0},"path":"/workspaces/gnus-ai/contracts/gnus-ai/GNUSControlStorage.sol","s":{"1":663,"2":227,"3":0,"4":0,"5":0},"b":{"1":[3,3],"2":[0,0]},"f":{"1":663,"2":227,"3":0},"fnMap":{"1":{"name":"layout","line":36,"loc":{"start":{"line":36,"column":4},"end":{"line":41,"column":4}}},"2":{"name":"isBannedTransferor","line":49,"loc":{"start":{"line":49,"column":4},"end":{"line":51,"column":4}}},"3":{"name":"callFacetDelegate","line":61,"loc":{"start":{"line":61,"column":4},"end":{"line":66,"column":4}}}},"statementMap":{"1":{"start":{"line":37,"column":8},"end":{"line":37,"column":52}},"2":{"start":{"line":50,"column":8},"end":{"line":50,"column":97}},"3":{"start":{"line":62,"column":8},"end":{"line":62,"column":98}},"4":{"start":{"line":64,"column":8},"end":{"line":64,"column":78}},"5":{"start":{"line":65,"column":8},"end":{"line":65,"column":92}}},"branchMap":{"1":{"line":50,"type":"cond-expr","locations":[{"start":{"line":50,"column":15},"end":{"line":50,"column":49}},{"start":{"line":50,"column":54},"end":{"line":50,"column":96}}]},"2":{"line":64,"type":"if","locations":[{"start":{"line":64,"column":8},"end":{"line":64,"column":8}},{"start":{"line":64,"column":8},"end":{"line":64,"column":8}}]}}},
"contracts/gnus-ai/GNUSERC1155MaxSupply.sol":{"l":{"41":223,"45":222,"47":81,"48":81,"49":85,"50":59,"55":81,"57":56,"58":31,"64":221,"65":227,"66":227,"67":221,"68":143,"80":376,"81":376,"83":376,"91":174,"92":174,"94":174},"path":"/workspaces/gnus-ai/contracts/gnus-ai/GNUSERC1155MaxSupply.sol","s":{"1":223,"2":222,"3":81,"4":81,"5":85,"6":81,"7":56,"8":31,"9":221,"10":227,"11":227,"12":221,"13":143,"14":376,"15":376,"16":174,"17":174},"b":{"1":[223,1],"2":[81,141],"3":[59,26],"4":[56,25],"5":[31,25],"6":[221,6],"7":[143,78],"8":[141,2]},"f":{"1":223,"2":376,"3":174},"fnMap":{"1":{"name":"_beforeTokenTransfer","line":40,"loc":{"start":{"line":33,"column":4},"end":{"line":73,"column":4}}},"2":{"name":"asSingletonArray","line":79,"loc":{"start":{"line":79,"column":4},"end":{"line":84,"column":4}}},"3":{"name":"asSingletonArray","line":90,"loc":{"start":{"line":90,"column":4},"end":{"line":95,"column":4}}}},"statementMap":{"1":{"start":{"line":41,"column":8},"end":{"line":41,"column":73}},"2":{"start":{"line":45,"column":8},"end":{"line":45,"column":2471}},"3":{"start":{"line":47,"column":12},"end":{"line":47,"column":39}},"4":{"start":{"line":48,"column":12},"end":{"line":48,"column":2606}},"5":{"start":{"line":49,"column":16},"end":{"line":49,"column":2669}},"6":{"start":{"line":55,"column":12},"end":{"line":55,"column":2871}},"7":{"start":{"line":57,"column":16},"end":{"line":57,"column":2974}},"8":{"start":{"line":58,"column":20},"end":{"line":58,"column":95}},"9":{"start":{"line":64,"column":8},"end":{"line":64,"column":3244}},"10":{"start":{"line":65,"column":12},"end":{"line":65,"column":31}},"11":{"start":{"line":66,"column":12},"end":{"line":66,"column":94}},"12":{"start":{"line":67,"column":12},"end":{"line":67,"column":3438}},"13":{"start":{"line":68,"column":16},"end":{"line":68,"column":3477}},"14":{"start":{"line":80,"column":8},"end":{"line":80,"column":49}},"15":{"start":{"line":83,"column":8},"end":{"line":83,"column":20}},"16":{"start":{"line":91,"column":8},"end":{"line":91,"column":47}},"17":{"start":{"line":94,"column":8},"end":{"line":94,"column":20}}},"branchMap":{"1":{"line":40,"type":"if","locations":[{"start":{"line":40,"column":70},"end":{"line":40,"column":70}},{"start":{"line":40,"column":70},"end":{"line":40,"column":70}}]},"2":{"line":45,"type":"if","locations":[{"start":{"line":45,"column":8},"end":{"line":45,"column":8}},{"start":{"line":45,"column":8},"end":{"line":45,"column":8}}]},"3":{"line":49,"type":"if","locations":[{"start":{"line":49,"column":16},"end":{"line":49,"column":16}},{"start":{"line":49,"column":16},"end":{"line":49,"column":16}}]},"4":{"line":55,"type":"if","locations":[{"start":{"line":55,"column":12},"end":{"line":55,"column":12}},{"start":{"line":55,"column":12},"end":{"line":55,"column":12}}]},"5":{"line":57,"type":"if","locations":[{"start":{"line":57,"column":16},"end":{"line":57,"column":16}},{"start":{"line":57,"column":16},"end":{"line":57,"column":16}}]},"6":{"line":66,"type":"if","locations":[{"start":{"line":66,"column":12},"end":{"line":66,"column":12}},{"start":{"line":66,"column":12},"end":{"line":66,"column":12}}]},"7":{"line":67,"type":"if","locations":[{"start":{"line":67,"column":12},"end":{"line":67,"column":12}},{"start":{"line":67,"column":12},"end":{"line":67,"column":12}}]},"8":{"line":68,"type":"if","locations":[{"start":{"line":68,"column":16},"end":{"line":68,"column":16}},{"start":{"line":68,"column":16},"end":{"line":68,"column":16}}]}}},
"contracts/gnus-ai/GNUSNFTCollectionName.sol":{"l":{},"path":"/workspaces/gnus-ai/contracts/gnus-ai/GNUSNFTCollectionName.sol","s":{},"b":{},"f":{},"fnMap":{},"statementMap":{},"branchMap":{}},
"contracts/gnus-ai/GNUSNFTFactory.sol":{"l":{"25":1,"26":1,"27":1,"28":1,"29":1,"30":1,"32":1,"33":1,"35":1,"37":1,"43":2,"44":1,"52":0,"53":0,"61":3,"62":3,"63":3,"64":3,"65":2,"73":4,"74":4,"75":3,"81":4,"87":1,"97":39,"98":39,"99":37,"100":37,"101":37,"102":34,"103":28,"104":28,"105":27,"116":33,"117":33,"118":26,"128":2,"129":6,"130":6,"131":6,"133":2,"141":0,"154":58,"166":64,"167":64,"168":64,"169":56,"171":8,"172":7,"174":60,"175":60,"177":58,"178":65,"179":56,"181":63,"182":63,"193":56,"201":23,"202":22},"path":"/workspaces/gnus-ai/contracts/gnus-ai/GNUSNFTFactory.sol","s":{"1":1,"2":1,"3":1,"4":1,"5":1,"6":1,"7":1,"8":1,"9":2,"10":1,"11":0,"12":3,"13":3,"14":3,"15":3,"16":4,"17":4,"18":3,"19":4,"20":1,"21":39,"22":39,"23":37,"24":37,"25":37,"26":34,"27":28,"28":28,"29":27,"30":33,"31":33,"32":26,"33":2,"34":6,"35":6,"36":6,"37":2,"38":0,"39":58,"40":64,"41":64,"42":64,"43":56,"44":8,"45":7,"46":60,"47":60,"48":58,"49":65,"50":56,"51":63,"52":23,"53":22},"b":{"1":[1,0],"2":[2,0],"3":[1,1],"4":[0,0],"5":[3,0],"6":[2,1],"7":[1,1],"8":[3,1],"9":[4,1],"10":[1,1],"11":[37,2],"12":[37,0],"13":[37,0],"14":[34,3],"15":[34,0],"16":[28,6],"17":[27,1],"18":[0,0],"19":[0,0],"20":[56,8],"21":[54,2],"22":[26,28],"23":[7,1],"24":[6,1],"25":[58,2],"26":[56,9],"27":[54,2],"28":[22,1]},"f":{"1":1,"2":2,"3":0,"4":3,"5":4,"6":4,"7":1,"8":39,"9":33,"10":2,"11":0,"12":58,"13":64,"14":23},"fnMap":{"1":{"name":"GNUSNFTFactory_Initialize","line":24,"loc":{"start":{"line":24,"column":4},"end":{"line":38,"column":4}}},"2":{"name":"GNUSNFTFactory_Initialize230","line":42,"loc":{"start":{"line":42,"column":4},"end":{"line":46,"column":4}}},"3":{"name":"setURI","line":51,"loc":{"start":{"line":51,"column":4},"end":{"line":54,"column":4}}},"4":{"name":"setURI","line":60,"loc":{"start":{"line":60,"column":4},"end":{"line":66,"column":4}}},"5":{"name":"uri","line":72,"loc":{"start":{"line":72,"column":4},"end":{"line":76,"column":4}}},"6":{"name":"pause","line":80,"loc":{"start":{"line":80,"column":4},"end":{"line":82,"column":4}}},"7":{"name":"unpause","line":86,"loc":{"start":{"line":86,"column":4},"end":{"line":88,"column":4}}},"8":{"name":"beforeMint","line":96,"loc":{"start":{"line":96,"column":4},"end":{"line":107,"column":4}}},"9":{"name":"mint","line":115,"loc":{"start":{"line":115,"column":4},"end":{"line":119,"column":4}}},"10":{"name":"mintBatch","line":127,"loc":{"start":{"line":127,"column":4},"end":{"line":134,"column":4}}},"11":{"name":"supportsInterface","line":140,"loc":{"start":{"line":140,"column":4},"end":{"line":143,"column":4}}},"12":{"name":"createNFT","line":153,"loc":{"start":{"line":153,"column":4},"end":{"line":155,"column":4}}},"13":{"name":"createNFTs","line":165,"loc":{"start":{"line":165,"column":4},"end":{"line":194,"column":4}}},"14":{"name":"getNFTInfo","line":200,"loc":{"start":{"line":200,"column":4},"end":{"line":203,"column":4}}}},"statementMap":{"1":{"start":{"line":26,"column":8},"end":{"line":26,"column":25}},"2":{"start":{"line":27,"column":8},"end":{"line":27,"column":24}},"3":{"start":{"line":28,"column":8},"end":{"line":28,"column":31}},"4":{"start":{"line":29,"column":8},"end":{"line":29,"column":29}},"5":{"start":{"line":30,"column":8},"end":{"line":30,"column":35}},"6":{"start":{"line":32,"column":8},"end":{"line":32,"column":41}},"7":{"start":{"line":33,"column":8},"end":{"line":33,"column":43}},"8":{"start":{"line":35,"column":8},"end":{"line":35,"column":87}},"9":{"start":{"line":43,"column":8},"end":{"line":43,"column":1923}},"10":{"start":{"line":44,"column":12},"end":{"line":44,"column":38}},"11":{"start":{"line":52,"column":8},"end":{"line":52,"column":22}},"12":{"start":{"line":61,"column":8},"end":{"line":61,"column":37}},"13":{"start":{"line":62,"column":8},"end":{"line":62,"column":65}},"14":{"start":{"line":63,"column":8},"end":{"line":63,"column":79}},"15":{"start":{"line":64,"column":8},"end":{"line":64,"column":122}},"16":{"start":{"line":73,"column":8},"end":{"line":73,"column":65}},"17":{"start":{"line":74,"column":8},"end":{"line":74,"column":83}},"18":{"start":{"line":75,"column":8},"end":{"line":75,"column":22}},"19":{"start":{"line":81,"column":8},"end":{"line":81,"column":15}},"20":{"start":{"line":87,"column":8},"end":{"line":87,"column":17}},"21":{"start":{"line":97,"column":8},"end":{"line":97,"column":37}},"22":{"start":{"line":98,"column":8},"end":{"line":98,"column":99}},"23":{"start":{"line":99,"column":8},"end":{"line":99,"column":69}},"24":{"start":{"line":100,"column":8},"end":{"line":100,"column":68}},"25":{"start":{"line":101,"column":8},"end":{"line":101,"column":116}},"26":{"start":{"line":102,"column":8},"end":{"line":102,"column":4849}},"27":{"start":{"line":103,"column":12},"end":{"line":103,"column":58}},"28":{"start":{"line":104,"column":12},"end":{"line":104,"column":99}},"29":{"start":{"line":105,"column":12},"end":{"line":105,"column":51}},"30":{"start":{"line":116,"column":8},"end":{"line":116,"column":65}},"31":{"start":{"line":117,"column":8},"end":{"line":117,"column":38}},"32":{"start":{"line":118,"column":8},"end":{"line":118,"column":34}},"33":{"start":{"line":128,"column":8},"end":{"line":128,"column":6114}},"34":{"start":{"line":129,"column":12},"end":{"line":129,"column":31}},"35":{"start":{"line":130,"column":12},"end":{"line":130,"column":69}},"36":{"start":{"line":131,"column":12},"end":{"line":131,"column":46}},"37":{"start":{"line":133,"column":8},"end":{"line":133,"column":41}},"38":{"start":{"line":141,"column":8},"end":{"line":141,"column":6935}},"39":{"start":{"line":154,"column":8},"end":{"line":154,"column":161}},"40":{"start":{"line":166,"column":8},"end":{"line":166,"column":37}},"41":{"start":{"line":167,"column":8},"end":{"line":167,"column":70}},"42":{"start":{"line":168,"column":8},"end":{"line":168,"column":8540}},"43":{"start":{"line":169,"column":12},"end":{"line":169,"column":146}},"44":{"start":{"line":171,"column":12},"end":{"line":171,"column":81}},"45":{"start":{"line":172,"column":12},"end":{"line":172,"column":86}},"46":{"start":{"line":174,"column":8},"end":{"line":174,"column":39}},"47":{"start":{"line":175,"column":8},"end":{"line":175,"column":9023}},"48":{"start":{"line":177,"column":8},"end":{"line":177,"column":9195}},"49":{"start":{"line":178,"column":12},"end":{"line":178,"column":9256}},"50":{"start":{"line":179,"column":16},"end":{"line":179,"column":108}},"51":{"start":{"line":181,"column":12},"end":{"line":181,"column":72}},"52":{"start":{"line":201,"column":8},"end":{"line":201,"column":98}},"53":{"start":{"line":202,"column":8},"end":{"line":202,"column":54}}},"branchMap":{"1":{"line":24,"type":"if","locations":[{"start":{"line":24,"column":48},"end":{"line":24,"column":48}},{"start":{"line":24,"column":48},"end":{"line":24,"column":48}}]},"2":{"line":42,"type":"if","locations":[{"start":{"line":42,"column":51},"end":{"line":42,"column":51}},{"start":{"line":42,"column":51},"end":{"line":42,"column":51}}]},"3":{"line":43,"type":"if","locations":[{"start":{"line":43,"column":8},"end":{"line":43,"column":8}},{"start":{"line":43,"column":8},"end":{"line":43,"column":8}}]},"4":{"line":51,"type":"if","locations":[{"start":{"line":51,"column":49},"end":{"line":51,"column":49}},{"start":{"line":51,"column":49},"end":{"line":51,"column":49}}]},"5":{"line":63,"type":"if","locations":[{"start":{"line":63,"column":8},"end":{"line":63,"column":8}},{"start":{"line":63,"column":8},"end":{"line":63,"column":8}}]},"6":{"line":64,"type":"if","locations":[{"start":{"line":64,"column":8},"end":{"line":64,"column":8}},{"start":{"line":64,"column":8},"end":{"line":64,"column":8}}]},"7":{"line":64,"type":"cond-expr","locations":[{"start":{"line":64,"column":16},"end":{"line":64,"column":38}},{"start":{"line":64,"column":43},"end":{"line":64,"column":77}}]},"8":{"line":74,"type":"if","locations":[{"start":{"line":74,"column":8},"end":{"line":74,"column":8}},{"start":{"line":74,"column":8},"end":{"line":74,"column":8}}]},"9":{"line":80,"type":"if","locations":[{"start":{"line":80,"column":28},"end":{"line":80,"column":28}},{"start":{"line":80,"column":28},"end":{"line":80,"column":28}}]},"10":{"line":86,"type":"if","locations":[{"start":{"line":86,"column":30},"end":{"line":86,"column":30}},{"start":{"line":86,"column":30},"end":{"line":86,"column":30}}]},"11":{"line":98,"type":"if","locations":[{"start":{"line":98,"column":8},"end":{"line":98,"column":8}},{"start":{"line":98,"column":8},"end":{"line":98,"column":8}}]},"12":{"line":99,"type":"if","locations":[{"start":{"line":99,"column":8},"end":{"line":99,"column":8}},{"start":{"line":99,"column":8},"end":{"line":99,"column":8}}]},"13":{"line":100,"type":"if","locations":[{"start":{"line":100,"column":8},"end":{"line":100,"column":8}},{"start":{"line":100,"column":8},"end":{"line":100,"column":8}}]},"14":{"line":101,"type":"if","locations":[{"start":{"line":101,"column":8},"end":{"line":101,"column":8}},{"start":{"line":101,"column":8},"end":{"line":101,"column":8}}]},"15":{"line":101,"type":"cond-expr","locations":[{"start":{"line":101,"column":16},"end":{"line":101,"column":38}},{"start":{"line":101,"column":43},"end":{"line":101,"column":77}}]},"16":{"line":102,"type":"if","locations":[{"start":{"line":102,"column":8},"end":{"line":102,"column":8}},{"start":{"line":102,"column":8},"end":{"line":102,"column":8}}]},"17":{"line":104,"type":"if","locations":[{"start":{"line":104,"column":12},"end":{"line":104,"column":12}},{"start":{"line":104,"column":12},"end":{"line":104,"column":12}}]},"18":{"line":141,"type":"cond-expr","locations":[{"start":{"line":141,"column":16},"end":{"line":141,"column":64}},{"start":{"line":141,"column":69},"end":{"line":141,"column":133}}]},"19":{"line":141,"type":"cond-expr","locations":[{"start":{"line":141,"column":16},"end":{"line":141,"column":133}},{"start":{"line":142,"column":8},"end":{"line":142,"column":77}}]},"20":{"line":168,"type":"if","locations":[{"start":{"line":168,"column":8},"end":{"line":168,"column":8}},{"start":{"line":168,"column":8},"end":{"line":168,"column":8}}]},"21":{"line":169,"type":"if","locations":[{"start":{"line":169,"column":12},"end":{"line":169,"column":12}},{"start":{"line":169,"column":12},"end":{"line":169,"column":12}}]},"22":{"line":169,"type":"cond-expr","locations":[{"start":{"line":169,"column":20},"end":{"line":169,"column":54}},{"start":{"line":169,"column":59},"end":{"line":169,"column":89}}]},"23":{"line":171,"type":"if","locations":[{"start":{"line":171,"column":12},"end":{"line":171,"column":12}},{"start":{"line":171,"column":12},"end":{"line":171,"column":12}}]},"24":{"line":172,"type":"if","locations":[{"start":{"line":172,"column":12},"end":{"line":172,"column":12}},{"start":{"line":172,"column":12},"end":{"line":172,"column":12}}]},"25":{"line":175,"type":"if","locations":[{"start":{"line":175,"column":8},"end":{"line":175,"column":8}},{"start":{"line":175,"column":8},"end":{"line":175,"column":8}}]},"26":{"line":178,"type":"if","locations":[{"start":{"line":178,"column":12},"end":{"line":178,"column":12}},{"start":{"line":178,"column":12},"end":{"line":178,"column":12}}]},"27":{"line":179,"type":"if","locations":[{"start":{"line":179,"column":16},"end":{"line":179,"column":16}},{"start":{"line":179,"column":16},"end":{"line":179,"column":16}}]},"28":{"line":201,"type":"if","locations":[{"start":{"line":201,"column":8},"end":{"line":201,"column":8}},{"start":{"line":201,"column":8},"end":{"line":201,"column":8}}]}}},
"contracts/gnus-ai/GNUSNFTFactoryStorage.sol":{"l":{"37":504,"38":504},"path":"/workspaces/gnus-ai/contracts/gnus-ai/GNUSNFTFactoryStorage.sol","s":{"1":504},"b":{},"f":{"1":504},"fnMap":{"1":{"name":"layout","line":36,"loc":{"start":{"line":36,"column":4},"end":{"line":41,"column":4}}}},"statementMap":{"1":{"start":{"line":37,"column":8},"end":{"line":37,"column":56}}},"branchMap":{}},
"contracts/gnus-ai/GNUSWithdrawLimiter.sol":{"l":{"69":3,"70":3,"71":3,"84":1,"85":1,"86":1,"100":2,"101":1,"102":1,"103":1,"125":2,"126":2,"131":2,"141":11,"142":11,"143":11,"170":8,"171":8,"186":3,"187":3,"190":3,"191":3,"194":3,"208":24,"209":24,"213":24,"214":24,"216":24,"217":0,"219":24,"224":24,"225":24,"226":12,"228":12,"239":0},"path":"/workspaces/gnus-ai/contracts/gnus-ai/GNUSWithdrawLimiter.sol","s":{"1":3,"2":3,"3":1,"4":1,"5":2,"6":1,"7":1,"8":2,"9":2,"10":11,"11":11,"12":8,"13":8,"14":3,"15":3,"16":24,"17":24,"18":24,"19":24,"20":24,"21":24,"22":0},"b":{"1":[3,1],"2":[1,1],"3":[2,1],"4":[1,1],"5":[2,1],"6":[11,1],"7":[2,1],"8":[2,1],"9":[2,1],"10":[0,24],"11":[12,12]},"f":{"1":3,"2":1,"3":2,"4":2,"5":11,"6":8,"7":3,"8":24,"9":0},"fnMap":{"1":{"name":"setDefaultLimitAmount","line":68,"loc":{"start":{"line":68,"column":4},"end":{"line":76,"column":4}}},"2":{"name":"setDefaultWindowSeconds","line":83,"loc":{"start":{"line":83,"column":4},"end":{"line":91,"column":4}}},"3":{"name":"setDefaultBinCount","line":99,"loc":{"start":{"line":99,"column":4},"end":{"line":108,"column":4}}},"4":{"name":"setAccountConfig","line":124,"loc":{"start":{"line":119,"column":4},"end":{"line":132,"column":4}}},"5":{"name":"setLimiterEnabled","line":140,"loc":{"start":{"line":140,"column":4},"end":{"line":148,"column":4}}},"6":{"name":"getWithdrawLimiterConfig","line":160,"loc":{"start":{"line":160,"column":4},"end":{"line":172,"column":4}}},"7":{"name":"getAccountConfig","line":183,"loc":{"start":{"line":183,"column":4},"end":{"line":195,"column":4}}},"8":{"name":"getAccountWithdrawStatus","line":205,"loc":{"start":{"line":205,"column":4},"end":{"line":230,"column":4}}},"9":{"name":"supportsInterface","line":238,"loc":{"start":{"line":238,"column":4},"end":{"line":240,"column":4}}}},"statementMap":{"1":{"start":{"line":69,"column":8},"end":{"line":69,"column":89}},"2":{"start":{"line":71,"column":8},"end":{"line":71,"column":2717}},"3":{"start":{"line":84,"column":8},"end":{"line":84,"column":89}},"4":{"start":{"line":86,"column":8},"end":{"line":86,"column":3331}},"5":{"start":{"line":100,"column":8},"end":{"line":100,"column":64}},"6":{"start":{"line":101,"column":8},"end":{"line":101,"column":89}},"7":{"start":{"line":103,"column":8},"end":{"line":103,"column":4047}},"8":{"start":{"line":125,"column":8},"end":{"line":125,"column":89}},"9":{"start":{"line":131,"column":8},"end":{"line":131,"column":80}},"10":{"start":{"line":141,"column":8},"end":{"line":141,"column":89}},"11":{"start":{"line":143,"column":8},"end":{"line":143,"column":5720}},"12":{"start":{"line":170,"column":8},"end":{"line":170,"column":89}},"13":{"start":{"line":171,"column":8},"end":{"line":171,"column":98}},"14":{"start":{"line":186,"column":8},"end":{"line":186,"column":89}},"15":{"start":{"line":187,"column":8},"end":{"line":187,"column":64}},"16":{"start":{"line":208,"column":8},"end":{"line":208,"column":89}},"17":{"start":{"line":209,"column":8},"end":{"line":209,"column":8627}},"18":{"start":{"line":213,"column":8},"end":{"line":213,"column":45}},"19":{"start":{"line":216,"column":8},"end":{"line":216,"column":8894}},"20":{"start":{"line":224,"column":8},"end":{"line":224,"column":61}},"21":{"start":{"line":225,"column":8},"end":{"line":225,"column":9267}},"22":{"start":{"line":239,"column":8},"end":{"line":239,"column":51}}},"branchMap":{"1":{"line":68,"type":"if","locations":[{"start":{"line":68,"column":65},"end":{"line":68,"column":65}},{"start":{"line":68,"column":65},"end":{"line":68,"column":65}}]},"2":{"line":83,"type":"if","locations":[{"start":{"line":83,"column":69},"end":{"line":83,"column":69}},{"start":{"line":83,"column":69},"end":{"line":83,"column":69}}]},"3":{"line":99,"type":"if","locations":[{"start":{"line":99,"column":59},"end":{"line":99,"column":59}},{"start":{"line":99,"column":59},"end":{"line":99,"column":59}}]},"4":{"line":100,"type":"if","locations":[{"start":{"line":100,"column":8},"end":{"line":100,"column":8}},{"start":{"line":100,"column":8},"end":{"line":100,"column":8}}]},"5":{"line":124,"type":"if","locations":[{"start":{"line":124,"column":15},"end":{"line":124,"column":15}},{"start":{"line":124,"column":15},"end":{"line":124,"column":15}}]},"6":{"line":140,"type":"if","locations":[{"start":{"line":140,"column":54},"end":{"line":140,"column":54}},{"start":{"line":140,"column":54},"end":{"line":140,"column":54}}]},"7":{"line":190,"type":"if","locations":[{"start":{"line":190,"column":42},"end":{"line":190,"column":66}},{"start":{"line":190,"column":70},"end":{"line":190,"column":84}}]},"8":{"line":192,"type":"if","locations":[{"start":{"line":192,"column":14},"end":{"line":192,"column":43}},{"start":{"line":193,"column":14},"end":{"line":193,"column":33}}]},"9":{"line":194,"type":"if","locations":[{"start":{"line":194,"column":48},"end":{"line":194,"column":67}},{"start":{"line":194,"column":71},"end":{"line":194,"column":88}}]},"10":{"line":216,"type":"if","locations":[{"start":{"line":216,"column":8},"end":{"line":216,"column":8}},{"start":{"line":216,"column":8},"end":{"line":216,"column":8}}]},"11":{"line":225,"type":"if","locations":[{"start":{"line":225,"column":8},"end":{"line":225,"column":8}},{"start":{"line":225,"column":8},"end":{"line":225,"column":8}}]}}},
"contracts/gnus-ai/GNUSWithdrawLimiterStorage.sol":{"l":{"78":383,"79":383,"91":80,"92":80,"95":80,"96":80,"99":80,"113":52,"114":52,"117":52,"118":0,"122":52,"125":52,"128":52,"141":56,"142":56,"144":56,"147":56,"148":1344,"149":0,"150":0,"166":80,"167":80,"169":80,"172":80,"173":1632,"174":26,"184":61,"187":61,"188":5,"191":56,"192":56,"193":56,"196":56,"197":42,"199":42,"200":1008,"205":56,"208":56,"211":56,"212":4,"213":4,"217":52,"218":52,"219":52,"221":52},"path":"/workspaces/gnus-ai/contracts/gnus-ai/GNUSWithdrawLimiterStorage.sol","s":{"1":383,"2":80,"3":80,"4":52,"5":52,"6":52,"7":0,"8":52,"9":52,"10":56,"11":56,"12":56,"13":56,"14":1344,"15":80,"16":80,"17":80,"18":80,"19":1632,"20":61,"21":61,"22":5,"23":56,"24":56,"25":56,"26":56,"27":42,"28":1008,"29":56,"30":56,"31":56,"32":4,"33":4,"34":52,"35":52},"b":{"1":[80,0],"2":[80,0],"3":[80,0],"4":[0,52],"5":[0,1344],"6":[26,1606],"7":[5,56],"8":[42,14],"9":[4,52]},"f":{"1":383,"2":80,"3":52,"4":56,"5":80,"6":61},"fnMap":{"1":{"name":"layout","line":77,"loc":{"start":{"line":77,"column":4},"end":{"line":82,"column":4}}},"2":{"name":"getAccountConfigOrDefaults","line":88,"loc":{"start":{"line":88,"column":4},"end":{"line":100,"column":4}}},"3":{"name":"calculateCurrentBin","line":108,"loc":{"start":{"line":108,"column":4},"end":{"line":129,"column":4}}},"4":{"name":"zeroExpiredBins","line":136,"loc":{"start":{"line":136,"column":4},"end":{"line":153,"column":4}}},"5":{"name":"sumActiveBins","line":161,"loc":{"start":{"line":161,"column":4},"end":{"line":177,"column":4}}},"6":{"name":"checkAndRecordWithdraw","line":183,"loc":{"start":{"line":183,"column":4},"end":{"line":222,"column":4}}}},"statementMap":{"1":{"start":{"line":78,"column":8},"end":{"line":78,"column":61}},"2":{"start":{"line":91,"column":8},"end":{"line":91,"column":35}},"3":{"start":{"line":92,"column":8},"end":{"line":92,"column":64}},"4":{"start":{"line":113,"column":8},"end":{"line":113,"column":35}},"5":{"start":{"line":114,"column":8},"end":{"line":114,"column":61}},"6":{"start":{"line":117,"column":8},"end":{"line":117,"column":5121}},"7":{"start":{"line":118,"column":12},"end":{"line":118,"column":20}},"8":{"start":{"line":122,"column":8},"end":{"line":122,"column":73}},"9":{"start":{"line":125,"column":8},"end":{"line":125,"column":66}},"10":{"start":{"line":141,"column":8},"end":{"line":141,"column":35}},"11":{"start":{"line":142,"column":8},"end":{"line":142,"column":61}},"12":{"start":{"line":144,"column":8},"end":{"line":144,"column":65}},"13":{"start":{"line":147,"column":8},"end":{"line":147,"column":6262}},"14":{"start":{"line":148,"column":12},"end":{"line":148,"column":6328}},"15":{"start":{"line":166,"column":8},"end":{"line":166,"column":35}},"16":{"start":{"line":167,"column":8},"end":{"line":167,"column":61}},"17":{"start":{"line":169,"column":8},"end":{"line":169,"column":65}},"18":{"start":{"line":172,"column":8},"end":{"line":172,"column":7259}},"19":{"start":{"line":173,"column":12},"end":{"line":173,"column":7325}},"20":{"start":{"line":184,"column":8},"end":{"line":184,"column":35}},"21":{"start":{"line":187,"column":8},"end":{"line":187,"column":7963}},"22":{"start":{"line":188,"column":12},"end":{"line":188,"column":18}},"23":{"start":{"line":191,"column":8},"end":{"line":191,"column":73}},"24":{"start":{"line":192,"column":8},"end":{"line":192,"column":61}},"25":{"start":{"line":193,"column":8},"end":{"line":193,"column":45}},"26":{"start":{"line":196,"column":8},"end":{"line":196,"column":8284}},"27":{"start":{"line":199,"column":12},"end":{"line":199,"column":8448}},"28":{"start":{"line":200,"column":16},"end":{"line":200,"column":75}},"29":{"start":{"line":205,"column":8},"end":{"line":205,"column":52}},"30":{"start":{"line":208,"column":8},"end":{"line":208,"column":73}},"31":{"start":{"line":211,"column":8},"end":{"line":211,"column":8885}},"32":{"start":{"line":212,"column":12},"end":{"line":212,"column":91}},"33":{"start":{"line":213,"column":12},"end":{"line":213,"column":62}},"34":{"start":{"line":217,"column":8},"end":{"line":217,"column":76}},"35":{"start":{"line":221,"column":8},"end":{"line":221,"column":69}}},"branchMap":{"1":{"line":95,"type":"if","locations":[{"start":{"line":95,"column":49},"end":{"line":95,"column":73}},{"start":{"line":95,"column":77},"end":{"line":95,"column":91}}]},"2":{"line":97,"type":"if","locations":[{"start":{"line":97,"column":14},"end":{"line":97,"column":43}},{"start":{"line":98,"column":14},"end":{"line":98,"column":33}}]},"3":{"line":99,"type":"if","locations":[{"start":{"line":99,"column":55},"end":{"line":99,"column":74}},{"start":{"line":99,"column":78},"end":{"line":99,"column":95}}]},"4":{"line":117,"type":"if","locations":[{"start":{"line":117,"column":8},"end":{"line":117,"column":8}},{"start":{"line":117,"column":8},"end":{"line":117,"column":8}}]},"5":{"line":148,"type":"if","locations":[{"start":{"line":148,"column":12},"end":{"line":148,"column":12}},{"start":{"line":148,"column":12},"end":{"line":148,"column":12}}]},"6":{"line":173,"type":"if","locations":[{"start":{"line":173,"column":12},"end":{"line":173,"column":12}},{"start":{"line":173,"column":12},"end":{"line":173,"column":12}}]},"7":{"line":187,"type":"if","locations":[{"start":{"line":187,"column":8},"end":{"line":187,"column":8}},{"start":{"line":187,"column":8},"end":{"line":187,"column":8}}]},"8":{"line":196,"type":"if","locations":[{"start":{"line":196,"column":8},"end":{"line":196,"column":8}},{"start":{"line":196,"column":8},"end":{"line":196,"column":8}}]},"9":{"line":211,"type":"if","locations":[{"start":{"line":211,"column":8},"end":{"line":211,"column":8}},{"start":{"line":211,"column":8},"end":{"line":211,"column":8}}]}}},
"contracts/gnus-ai/libraries/TransferHelper.sol":{"l":{"17":5,"18":5,"29":9,"30":9,"42":6,"43":6,"52":5,"53":5},"path":"/workspaces/gnus-ai/contracts/gnus-ai/libraries/TransferHelper.sol","s":{"1":5,"2":5,"3":9,"4":9,"5":6,"6":6,"7":5,"8":5},"b":{"1":[3,2],"2":[1,2],"3":[7,2],"4":[1,6],"5":[3,3],"6":[1,2],"7":[3,2]},"f":{"1":5,"2":9,"3":6,"4":5},"fnMap":{"1":{"name":"safeApprove","line":15,"loc":{"start":{"line":15,"column":4},"end":{"line":19,"column":4}}},"2":{"name":"safeTransfer","line":27,"loc":{"start":{"line":27,"column":4},"end":{"line":31,"column":4}}},"3":{"name":"safeTransferFrom","line":40,"loc":{"start":{"line":40,"column":4},"end":{"line":44,"column":4}}},"4":{"name":"safeTransferETH","line":51,"loc":{"start":{"line":51,"column":4},"end":{"line":54,"column":4}}}},"statementMap":{"1":{"start":{"line":17,"column":8},"end":{"line":17,"column":101}},"2":{"start":{"line":18,"column":8},"end":{"line":18,"column":79}},"3":{"start":{"line":29,"column":8},"end":{"line":29,"column":101}},"4":{"start":{"line":30,"column":8},"end":{"line":30,"column":79}},"5":{"start":{"line":42,"column":8},"end":{"line":42,"column":107}},"6":{"start":{"line":43,"column":8},"end":{"line":43,"column":80}},"7":{"start":{"line":52,"column":8},"end":{"line":52,"column":60}},"8":{"start":{"line":53,"column":8},"end":{"line":53,"column":30}}},"branchMap":{"1":{"line":18,"type":"if","locations":[{"start":{"line":18,"column":8},"end":{"line":18,"column":8}},{"start":{"line":18,"column":8},"end":{"line":18,"column":8}}]},"2":{"line":18,"type":"cond-expr","locations":[{"start":{"line":18,"column":28},"end":{"line":18,"column":43}},{"start":{"line":18,"column":48},"end":{"line":18,"column":71}}]},"3":{"line":30,"type":"if","locations":[{"start":{"line":30,"column":8},"end":{"line":30,"column":8}},{"start":{"line":30,"column":8},"end":{"line":30,"column":8}}]},"4":{"line":30,"type":"cond-expr","locations":[{"start":{"line":30,"column":28},"end":{"line":30,"column":43}},{"start":{"line":30,"column":48},"end":{"line":30,"column":71}}]},"5":{"line":43,"type":"if","locations":[{"start":{"line":43,"column":8},"end":{"line":43,"column":8}},{"start":{"line":43,"column":8},"end":{"line":43,"column":8}}]},"6":{"line":43,"type":"cond-expr","locations":[{"start":{"line":43,"column":28},"end":{"line":43,"column":43}},{"start":{"line":43,"column":48},"end":{"line":43,"column":71}}]},"7":{"line":53,"type":"if","locations":[{"start":{"line":53,"column":8},"end":{"line":53,"column":8}},{"start":{"line":53,"column":8},"end":{"line":53,"column":8}}]}}},
"contracts/mocks/MockBadERC20.sol":{"l":{"24":1,"25":1,"26":1,"30":2,"34":1,"38":3,"42":3,"46":11,"47":11,"48":11,"52":3,"53":1,"55":2,"56":1,"59":1,"60":1,"61":1,"63":1,"65":1,"69":0,"73":9,"74":1,"76":8,"77":1,"80":7,"81":7,"83":7,"84":1,"88":6,"92":3,"93":1,"95":2,"96":1,"99":1,"100":1,"101":1,"102":1,"104":1,"105":1,"109":0},"path":"/workspaces/gnus-ai/contracts/mocks/MockBadERC20.sol","s":{"1":11,"2":3,"3":1,"4":2,"5":1,"6":1,"7":1,"8":0,"9":9,"10":1,"11":8,"12":1,"13":7,"14":7,"15":6,"16":3,"17":1,"18":2,"19":1,"20":1,"21":1,"22":0},"b":{"1":[1,2],"2":[1,1],"3":[1,0],"4":[1,8],"5":[1,7],"6":[1,6],"7":[1,2],"8":[1,1],"9":[1,0]},"f":{"1":1,"2":2,"3":1,"4":3,"5":3,"6":11,"7":3,"8":9,"9":3},"fnMap":{"1":{"name":"constructor","line":23,"loc":{"start":{"line":23,"column":4},"end":{"line":27,"column":4}}},"2":{"name":"setFailTransfer","line":29,"loc":{"start":{"line":29,"column":4},"end":{"line":31,"column":4}}},"3":{"name":"setFailApprove","line":33,"loc":{"start":{"line":33,"column":4},"end":{"line":35,"column":4}}},"4":{"name":"setReturnFalse","line":37,"loc":{"start":{"line":37,"column":4},"end":{"line":39,"column":4}}},"5":{"name":"setReturnNothing","line":41,"loc":{"start":{"line":41,"column":4},"end":{"line":43,"column":4}}},"6":{"name":"mint","line":45,"loc":{"start":{"line":45,"column":4},"end":{"line":49,"column":4}}},"7":{"name":"transfer","line":51,"loc":{"start":{"line":51,"column":4},"end":{"line":70,"column":4}}},"8":{"name":"approve","line":72,"loc":{"start":{"line":72,"column":4},"end":{"line":89,"column":4}}},"9":{"name":"transferFrom","line":91,"loc":{"start":{"line":91,"column":4},"end":{"line":110,"column":4}}}},"statementMap":{"1":{"start":{"line":48,"column":8},"end":{"line":48,"column":45}},"2":{"start":{"line":52,"column":8},"end":{"line":52,"column":1564}},"3":{"start":{"line":53,"column":12},"end":{"line":53,"column":36}},"4":{"start":{"line":55,"column":8},"end":{"line":55,"column":1647}},"5":{"start":{"line":56,"column":12},"end":{"line":56,"column":24}},"6":{"start":{"line":61,"column":8},"end":{"line":61,"column":45}},"7":{"start":{"line":63,"column":8},"end":{"line":63,"column":1839}},"8":{"start":{"line":69,"column":8},"end":{"line":69,"column":19}},"9":{"start":{"line":73,"column":8},"end":{"line":73,"column":2117}},"10":{"start":{"line":74,"column":12},"end":{"line":74,"column":35}},"11":{"start":{"line":76,"column":8},"end":{"line":76,"column":2198}},"12":{"start":{"line":77,"column":12},"end":{"line":77,"column":24}},"13":{"start":{"line":81,"column":8},"end":{"line":81,"column":50}},"14":{"start":{"line":83,"column":8},"end":{"line":83,"column":2370}},"15":{"start":{"line":88,"column":8},"end":{"line":88,"column":19}},"16":{"start":{"line":92,"column":8},"end":{"line":92,"column":2603}},"17":{"start":{"line":93,"column":12},"end":{"line":93,"column":40}},"18":{"start":{"line":95,"column":8},"end":{"line":95,"column":2690}},"19":{"start":{"line":96,"column":12},"end":{"line":96,"column":24}},"20":{"start":{"line":102,"column":8},"end":{"line":102,"column":39}},"21":{"start":{"line":104,"column":8},"end":{"line":104,"column":2917}},"22":{"start":{"line":109,"column":8},"end":{"line":109,"column":19}}},"branchMap":{"1":{"line":52,"type":"if","locations":[{"start":{"line":52,"column":8},"end":{"line":52,"column":8}},{"start":{"line":52,"column":8},"end":{"line":52,"column":8}}]},"2":{"line":55,"type":"if","locations":[{"start":{"line":55,"column":8},"end":{"line":55,"column":8}},{"start":{"line":55,"column":8},"end":{"line":55,"column":8}}]},"3":{"line":63,"type":"if","locations":[{"start":{"line":63,"column":8},"end":{"line":63,"column":8}},{"start":{"line":63,"column":8},"end":{"line":63,"column":8}}]},"4":{"line":73,"type":"if","locations":[{"start":{"line":73,"column":8},"end":{"line":73,"column":8}},{"start":{"line":73,"column":8},"end":{"line":73,"column":8}}]},"5":{"line":76,"type":"if","locations":[{"start":{"line":76,"column":8},"end":{"line":76,"column":8}},{"start":{"line":76,"column":8},"end":{"line":76,"column":8}}]},"6":{"line":83,"type":"if","locations":[{"start":{"line":83,"column":8},"end":{"line":83,"column":8}},{"start":{"line":83,"column":8},"end":{"line":83,"column":8}}]},"7":{"line":92,"type":"if","locations":[{"start":{"line":92,"column":8},"end":{"line":92,"column":8}},{"start":{"line":92,"column":8},"end":{"line":92,"column":8}}]},"8":{"line":95,"type":"if","locations":[{"start":{"line":95,"column":8},"end":{"line":95,"column":8}},{"start":{"line":95,"column":8},"end":{"line":95,"column":8}}]},"9":{"line":104,"type":"if","locations":[{"start":{"line":104,"column":8},"end":{"line":104,"column":8}},{"start":{"line":104,"column":8},"end":{"line":104,"column":8}}]}}},
"contracts/mocks/MockERC20.sol":{"l":{"25":5,"26":5,"27":5,"31":6,"32":6,"33":6,"34":6,"35":6,"39":8,"40":8,"41":8,"45":3,"46":2,"47":2,"48":2,"49":2,"50":2,"51":2,"55":15,"56":15,"57":15,"61":0,"62":0,"63":0,"64":0},"path":"/workspaces/gnus-ai/contracts/mocks/MockERC20.sol","s":{"1":6,"2":6,"3":6,"4":8,"5":8,"6":3,"7":2,"8":2,"9":2,"10":15,"11":0,"12":0},"b":{"1":[6,0],"2":[2,1],"3":[2,0],"4":[0,0]},"f":{"1":5,"2":6,"3":8,"4":3,"5":15,"6":0},"fnMap":{"1":{"name":"constructor","line":20,"loc":{"start":{"line":20,"column":4},"end":{"line":28,"column":4}}},"2":{"name":"transfer","line":30,"loc":{"start":{"line":30,"column":4},"end":{"line":36,"column":4}}},"3":{"name":"approve","line":38,"loc":{"start":{"line":38,"column":4},"end":{"line":42,"column":4}}},"4":{"name":"transferFrom","line":44,"loc":{"start":{"line":44,"column":4},"end":{"line":52,"column":4}}},"5":{"name":"mint","line":54,"loc":{"start":{"line":54,"column":4},"end":{"line":58,"column":4}}},"6":{"name":"burn","line":60,"loc":{"start":{"line":60,"column":4},"end":{"line":65,"column":4}}}},"statementMap":{"1":{"start":{"line":31,"column":8},"end":{"line":31,"column":71}},"2":{"start":{"line":34,"column":8},"end":{"line":34,"column":45}},"3":{"start":{"line":35,"column":8},"end":{"line":35,"column":19}},"4":{"start":{"line":40,"column":8},"end":{"line":40,"column":50}},"5":{"start":{"line":41,"column":8},"end":{"line":41,"column":19}},"6":{"start":{"line":45,"column":8},"end":{"line":45,"column":65}},"7":{"start":{"line":46,"column":8},"end":{"line":46,"column":79}},"8":{"start":{"line":50,"column":8},"end":{"line":50,"column":39}},"9":{"start":{"line":51,"column":8},"end":{"line":51,"column":19}},"10":{"start":{"line":57,"column":8},"end":{"line":57,"column":45}},"11":{"start":{"line":61,"column":8},"end":{"line":61,"column":65}},"12":{"start":{"line":64,"column":8},"end":{"line":64,"column":47}}},"branchMap":{"1":{"line":31,"type":"if","locations":[{"start":{"line":31,"column":8},"end":{"line":31,"column":8}},{"start":{"line":31,"column":8},"end":{"line":31,"column":8}}]},"2":{"line":45,"type":"if","locations":[{"start":{"line":45,"column":8},"end":{"line":45,"column":8}},{"start":{"line":45,"column":8},"end":{"line":45,"column":8}}]},"3":{"line":46,"type":"if","locations":[{"start":{"line":46,"column":8},"end":{"line":46,"column":8}},{"start":{"line":46,"column":8},"end":{"line":46,"column":8}}]},"4":{"line":61,"type":"if","locations":[{"start":{"line":61,"column":8},"end":{"line":61,"column":8}},{"start":{"line":61,"column":8},"end":{"line":61,"column":8}}]}}},
"contracts/mocks/MockNonPayable.sol":{"l":{"14":0},"path":"/workspaces/gnus-ai/contracts/mocks/MockNonPayable.sol","s":{},"b":{},"f":{"1":0},"fnMap":{"1":{"name":"markCalled","line":13,"loc":{"start":{"line":13,"column":4},"end":{"line":15,"column":4}}}},"statementMap":{},"branchMap":{}},
"contracts/mocks/TransferHelperWrapper.sol":{"l":{"14":5,"19":5,"24":6,"29":5},"path":"/workspaces/gnus-ai/contracts/mocks/TransferHelperWrapper.sol","s":{"1":5,"2":5,"3":6,"4":5},"b":{},"f":{"1":5,"2":5,"3":6,"4":5},"fnMap":{"1":{"name":"wrapSafeApprove","line":13,"loc":{"start":{"line":13,"column":4},"end":{"line":15,"column":4}}},"2":{"name":"wrapSafeTransfer","line":18,"loc":{"start":{"line":18,"column":4},"end":{"line":20,"column":4}}},"3":{"name":"wrapSafeTransferFrom","line":23,"loc":{"start":{"line":23,"column":4},"end":{"line":25,"column":4}}},"4":{"name":"wrapSafeTransferETH","line":28,"loc":{"start":{"line":28,"column":4},"end":{"line":30,"column":4}}}},"statementMap":{"1":{"start":{"line":14,"column":8},"end":{"line":14,"column":51}},"2":{"start":{"line":19,"column":8},"end":{"line":19,"column":52}},"3":{"start":{"line":24,"column":8},"end":{"line":24,"column":62}},"4":{"start":{"line":29,"column":8},"end":{"line":29,"column":48}}},"branchMap":{}}}
