TN:
SF:/workspaces/gnus-ai/contracts/gnus-ai/DiamondInitFacet.sol
FN:34,onlySuperAdminRole
FN:45,diamondInitialize250
FN:68,initializeGNUSWithdrawLimiter
FNF:3
FNH:2
FNDA:0,onlySuperAdminRole
FNDA:1,diamondInitialize250
FNDA:1,initializeGNUSWithdrawLimiter
DA:35,0
DA:39,0
DA:46,1
DA:47,1
DA:48,1
DA:51,1
DA:52,1
DA:53,1
DA:55,1
DA:56,1
DA:57,1
DA:60,1
DA:63,1
DA:69,1
DA:70,1
DA:71,1
DA:72,1
DA:73,1
LF:18
LH:16
BRDA:35,1,0,0
BRDA:35,1,1,0
BRF:2
BRH:0
end_of_record
TN:
SF:/workspaces/gnus-ai/contracts/gnus-ai/ERC1155ProxyOperator.sol
FN:28,isApprovedForAll
FN:47,totalSupply
FN:57,creators
FNF:3
FNH:3
FNDA:10,isApprovedForAll
FNDA:27,totalSupply
FNDA:7,creators
DA:33,10
DA:34,5
DA:38,5
DA:48,27
DA:58,7
LF:5
LH:5
BRDA:33,1,0,5
BRDA:33,1,1,5
BRF:2
BRH:2
end_of_record
TN:
SF:/workspaces/gnus-ai/contracts/gnus-ai/ERC20TransferBatch.sol
FN:24,supportsInterface
FN:42,mintBatch
FN:67,_beforeTokenTransfer
FN:103,_afterTokenTransfer
FN:113,_mintBatch
FN:137,_transferBatch
FN:188,transferBatch
FN:195,transferOrBurnBatch
FNF:8
FNH:7
FNDA:0,supportsInterface
FNDA:31,mintBatch
FNDA:59,_beforeTokenTransfer
FNDA:53,_afterTokenTransfer
FNDA:30,_mintBatch
FNDA:32,_transferBatch
FNDA:22,transferBatch
FNDA:10,transferOrBurnBatch
DA:33,0
DA:43,31
DA:44,31
DA:48,30
DA:72,59
DA:74,59
DA:76,29
DA:77,29
DA:78,28
DA:80,29
DA:84,28
DA:87,30
DA:88,30
DA:89,58
DA:90,12
DA:93,30
DA:94,10
DA:95,8
DA:96,8
DA:114,30
DA:115,30
DA:120,29
DA:122,28
DA:123,31
DA:124,31
DA:125,30
DA:128,27
DA:130,27
DA:142,32
DA:143,32
DA:149,31
DA:150,31
DA:151,31
DA:155,31
DA:156,11
DA:159,30
DA:161,28
DA:162,56
DA:163,56
DA:164,42
DA:167,55
DA:168,55
DA:172,54
DA:173,54
DA:176,54
DA:180,26
DA:182,26
DA:189,22
DA:199,10
LF:49
LH:48
BRDA:33,1,0,0
BRDA:33,1,1,0
BRDA:33,2,0,0
BRDA:33,2,1,0
BRDA:44,3,0,30
BRDA:44,3,1,1
BRDA:74,4,0,29
BRDA:74,4,1,30
BRDA:80,5,0,28
BRDA:80,5,1,1
BRDA:89,6,0,12
BRDA:89,6,1,46
BRDA:93,7,0,10
BRDA:93,7,1,20
BRDA:94,8,0,8
BRDA:94,8,1,2
BRDA:115,9,0,29
BRDA:115,9,1,1
BRDA:124,10,0,30
BRDA:124,10,1,1
BRDA:143,11,0,31
BRDA:143,11,1,1
BRDA:155,12,0,11
BRDA:155,12,1,20
BRDA:163,13,0,42
BRDA:163,13,1,14
BRDA:164,14,0,41
BRDA:164,14,1,1
BRDA:168,15,0,54
BRDA:168,15,1,1
BRF:30
BRH:26
end_of_record
TN:
SF:/workspaces/gnus-ai/contracts/gnus-ai/GeniusAccessControl.sol
FN:23,__GeniusAccessControl_init
FN:33,__GeniusAccessControl_init_unchained
FN:46,renounceRole
FN:61,revokeRole
FN:73,onlySuperAdminRole
FNF:5
FNH:4
FNDA:6,__GeniusAccessControl_init
FNDA:6,__GeniusAccessControl_init_unchained
FNDA:0,renounceRole
FNDA:2,revokeRole
FNDA:101,onlySuperAdminRole
DA:24,6
DA:25,6
DA:34,6
DA:35,6
DA:36,6
DA:47,0
DA:51,0
DA:62,2
DA:66,2
DA:74,101
DA:75,88
LF:11
LH:9
BRDA:23,1,0,6
BRDA:23,1,1,0
BRDA:23,2,0,6
BRDA:23,2,1,0
BRDA:33,3,0,6
BRDA:33,3,1,0
BRDA:47,4,0,0
BRDA:47,4,1,0
BRDA:62,5,0,2
BRDA:62,5,1,0
BRDA:74,6,0,88
BRDA:74,6,1,13
BRF:12
BRH:6
end_of_record
TN:
SF:/workspaces/gnus-ai/contracts/gnus-ai/GeniusAI.sol
FN:19,GeniusAI_Initialize
FN:31,OpenEscrow
FNF:2
FNH:2
FNDA:5,GeniusAI_Initialize
FNDA:97,OpenEscrow
DA:20,5
DA:21,5
DA:22,5
DA:32,97
DA:33,97
DA:34,97
LF:6
LH:6
BRF:0
BRH:0
end_of_record
TN:
SF:/workspaces/gnus-ai/contracts/gnus-ai/GeniusAIStorage.sol
FN:33,layout
FNF:1
FNH:1
FNDA:194,layout
DA:34,194
DA:35,194
LF:2
LH:2
BRF:0
BRH:0
end_of_record
TN:
SF:/workspaces/gnus-ai/contracts/gnus-ai/GeniusDiamond.sol
FN:29,constructor
FN:49,supportsInterface
FNF:2
FNH:2
FNDA:1,constructor
FNDA:6,supportsInterface
DA:31,1
DA:34,1
DA:35,1
DA:36,1
DA:37,1
DA:40,1
DA:50,6
LF:7
LH:7
BRDA:50,1,0,3
BRDA:50,1,1,3
BRF:2
BRH:2
end_of_record
TN:
SF:/workspaces/gnus-ai/contracts/gnus-ai/GeniusOwnershipFacet.sol
FN:19,transferOwnership
FN:42,owner
FNF:2
FNH:2
FNDA:20,transferOwnership
FNDA:13,owner
DA:21,20
DA:24,18
DA:27,18
DA:28,18
DA:31,18
DA:32,17
DA:33,17
DA:43,13
LF:8
LH:8
BRDA:31,1,0,17
BRDA:31,1,1,1
BRF:2
BRH:2
end_of_record
TN:
SF:/workspaces/gnus-ai/contracts/gnus-ai/GNUSBridge.sol
FN:49,supportsInterface
FN:69,_mintWithBridgeFee
FN:84,mint
FN:95,mint
FN:105,burn
FN:124,_mint
FN:149,withdraw
FN:175,bridgeOut
FN:195,totalSupply
FN:205,balanceOf
FN:216,transfer
FN:229,allowance
FN:250,approve
FN:268,increaseAllowance
FN:288,decreaseAllowance
FN:314,_safeTransferFrom
FN:350,transferFrom
FN:375,_approve
FN:391,_spendAllowance
FNF:19
FNH:18
FNDA:0,supportsInterface
FNDA:114,_mintWithBridgeFee
FNDA:87,mint
FNDA:8,mint
FNDA:2,burn
FNDA:114,_mint
FNDA:24,withdraw
FNDA:4,bridgeOut
FNDA:3,totalSupply
FNDA:30,balanceOf
FNDA:16,transfer
FNDA:17,allowance
FNDA:9,approve
FNDA:1,increaseAllowance
FNDA:2,decreaseAllowance
FNDA:18,_safeTransferFrom
FNDA:6,transferFrom
FNDA:13,_approve
FNDA:6,_spendAllowance
DA:58,0
DA:70,114
DA:71,114
DA:72,7
DA:74,114
DA:75,113
DA:85,87
DA:96,8
DA:106,2
DA:107,1
DA:130,114
DA:132,113
DA:133,113
DA:134,113
DA:136,113
DA:138,113
DA:139,113
DA:141,113
DA:150,24
DA:151,24
DA:152,23
DA:153,22
DA:157,21
DA:161,21
DA:162,19
DA:165,19
DA:166,19
DA:176,4
DA:177,4
DA:178,3
DA:179,2
DA:180,2
DA:196,3
DA:206,30
DA:217,16
DA:218,9
DA:219,9
DA:233,17
DA:251,9
DA:252,9
DA:253,9
DA:269,1
DA:270,1
DA:271,1
DA:292,2
DA:293,2
DA:294,2
DA:295,1
DA:296,1
DA:299,1
DA:321,18
DA:323,17
DA:324,17
DA:325,17
DA:327,17
DA:329,11
DA:330,11
DA:331,11
DA:332,11
DA:334,11
DA:336,11
DA:338,11
DA:355,6
DA:356,6
DA:357,2
DA:358,2
DA:359,2
DA:376,13
DA:377,13
DA:379,13
DA:380,13
DA:392,6
DA:393,6
DA:394,6
DA:395,2
DA:396,2
LF:76
LH:75
BRDA:58,1,0,0
BRDA:58,1,1,0
BRDA:58,2,0,0
BRDA:58,2,1,0
BRDA:71,3,0,7
BRDA:71,3,1,107
BRDA:84,4,0,87
BRDA:84,4,1,1
BRDA:95,5,0,8
BRDA:95,5,1,0
BRDA:105,6,0,2
BRDA:105,6,1,1
BRDA:130,7,0,113
BRDA:130,7,1,1
BRDA:151,8,0,23
BRDA:151,8,1,1
BRDA:152,9,0,22
BRDA:152,9,1,1
BRDA:153,10,0,21
BRDA:153,10,1,1
BRDA:161,11,0,19
BRDA:161,11,1,2
BRDA:177,12,0,3
BRDA:177,12,1,1
BRDA:178,13,0,2
BRDA:178,13,1,1
BRDA:294,14,0,1
BRDA:294,14,1,1
BRDA:321,15,0,17
BRDA:321,15,1,1
BRDA:330,16,0,11
BRDA:330,16,1,0
BRDA:376,17,0,13
BRDA:376,17,1,0
BRDA:377,18,0,13
BRDA:377,18,1,0
BRDA:393,19,0,6
BRDA:393,19,1,0
BRDA:394,20,0,2
BRDA:394,20,1,4
BRF:40
BRH:31
end_of_record
TN:
SF:/workspaces/gnus-ai/contracts/gnus-ai/GNUSConstants.sol
FNF:0
FNH:0
LF:0
LH:0
BRF:0
BRH:0
end_of_record
TN:
SF:/workspaces/gnus-ai/contracts/gnus-ai/GNUSContractAssets.sol
FN:40,withdrawToken
FNF:1
FNH:1
FNDA:8,withdrawToken
DA:42,8
DA:43,1
DA:46,7
DA:48,3
DA:49,3
DA:50,0
DA:54,4
DA:57,7
LF:8
LH:7
BRDA:40,1,0,8
BRDA:40,1,1,1
BRDA:42,2,0,1
BRDA:42,2,1,7
BRDA:46,3,0,3
BRDA:46,3,1,4
BRDA:49,4,0,0
BRDA:49,4,1,3
BRF:8
BRH:7
end_of_record
TN:
SF:/workspaces/gnus-ai/contracts/gnus-ai/GNUSControl.sol
FN:48,GNUSControl_Initialize230
FN:62,banTransferorForAll
FN:71,allowTransferorForAll
FN:84,banTransferorBatch
FN:102,allowTransferorBatch
FN:117,updateBridgeFee
FN:127,setChainID
FN:137,protocolInfo
FN:147,setProtocolVersion
FNF:9
FNH:9
FNDA:2,GNUSControl_Initialize230
FNDA:12,banTransferorForAll
FNDA:4,allowTransferorForAll
FNDA:12,banTransferorBatch
FNDA:4,allowTransferorBatch
FNDA:11,updateBridgeFee
FNDA:5,setChainID
FNDA:11,protocolInfo
FNDA:2,setProtocolVersion
DA:49,2
DA:54,1
DA:55,1
DA:63,12
DA:64,12
DA:72,4
DA:73,4
DA:85,12
DA:86,23
DA:87,23
DA:88,23
DA:91,12
DA:103,4
DA:104,4
DA:105,4
DA:106,4
DA:109,4
DA:118,11
DA:119,10
DA:120,10
DA:128,5
DA:138,11
DA:139,11
DA:140,11
DA:148,2
LF:25
LH:25
BRDA:48,1,0,2
BRDA:48,1,1,0
BRDA:49,2,0,1
BRDA:49,2,1,1
BRDA:62,3,0,12
BRDA:62,3,1,1
BRDA:71,4,0,4
BRDA:71,4,1,1
BRDA:84,5,0,12
BRDA:84,5,1,1
BRDA:102,6,0,4
BRDA:102,6,1,1
BRDA:117,7,0,11
BRDA:117,7,1,1
BRDA:118,8,0,10
BRDA:118,8,1,1
BRDA:127,9,0,5
BRDA:127,9,1,1
BRDA:147,10,0,2
BRDA:147,10,1,1
BRF:20
BRH:19
end_of_record
TN:
SF:/workspaces/gnus-ai/contracts/gnus-ai/GNUSControlStorage.sol
FN:36,layout
FN:49,isBannedTransferor
FN:61,callFacetDelegate
FNF:3
FNH:2
FNDA:663,layout
FNDA:227,isBannedTransferor
FNDA:0,callFacetDelegate
DA:37,663
DA:38,663
DA:50,227
DA:62,0
DA:64,0
DA:65,0
LF:6
LH:3
BRDA:50,1,0,3
BRDA:50,1,1,3
BRDA:64,2,0,0
BRDA:64,2,1,0
BRF:4
BRH:2
end_of_record
TN:
SF:/workspaces/gnus-ai/contracts/gnus-ai/GNUSERC1155MaxSupply.sol
FN:40,_beforeTokenTransfer
FN:79,asSingletonArray
FN:90,asSingletonArray
FNF:3
FNH:3
FNDA:223,_beforeTokenTransfer
FNDA:376,asSingletonArray
FNDA:174,asSingletonArray
DA:41,223
DA:45,222
DA:47,81
DA:48,81
DA:49,85
DA:50,59
DA:55,81
DA:57,56
DA:58,31
DA:64,221
DA:65,227
DA:66,227
DA:67,221
DA:68,143
DA:80,376
DA:81,376
DA:83,376
DA:91,174
DA:92,174
DA:94,174
LF:20
LH:20
BRDA:40,1,0,223
BRDA:40,1,1,1
BRDA:45,2,0,81
BRDA:45,2,1,141
BRDA:49,3,0,59
BRDA:49,3,1,26
BRDA:55,4,0,56
BRDA:55,4,1,25
BRDA:57,5,0,31
BRDA:57,5,1,25
BRDA:66,6,0,221
BRDA:66,6,1,6
BRDA:67,7,0,143
BRDA:67,7,1,78
BRDA:68,8,0,141
BRDA:68,8,1,2
BRF:16
BRH:16
end_of_record
TN:
SF:/workspaces/gnus-ai/contracts/gnus-ai/GNUSNFTCollectionName.sol
FNF:0
FNH:0
LF:0
LH:0
BRF:0
BRH:0
end_of_record
TN:
SF:/workspaces/gnus-ai/contracts/gnus-ai/GNUSNFTFactory.sol
FN:24,GNUSNFTFactory_Initialize
FN:42,GNUSNFTFactory_Initialize230
FN:51,setURI
FN:60,setURI
FN:72,uri
FN:80,pause
FN:86,unpause
FN:96,beforeMint
FN:115,mint
FN:127,mintBatch
FN:140,supportsInterface
FN:153,createNFT
FN:165,createNFTs
FN:200,getNFTInfo
FNF:14
FNH:12
FNDA:1,GNUSNFTFactory_Initialize
FNDA:2,GNUSNFTFactory_Initialize230
FNDA:0,setURI
FNDA:3,setURI
FNDA:4,uri
FNDA:4,pause
FNDA:1,unpause
FNDA:39,beforeMint
FNDA:33,mint
FNDA:2,mintBatch
FNDA:0,supportsInterface
FNDA:58,createNFT
FNDA:64,createNFTs
FNDA:23,getNFTInfo
DA:25,1
DA:26,1
DA:27,1
DA:28,1
DA:29,1
DA:30,1
DA:32,1
DA:33,1
DA:35,1
DA:37,1
DA:43,2
DA:44,1
DA:52,0
DA:53,0
DA:61,3
DA:62,3
DA:63,3
DA:64,3
DA:65,2
DA:73,4
DA:74,4
DA:75,3
DA:81,4
DA:87,1
DA:97,39
DA:98,39
DA:99,37
DA:100,37
DA:101,37
DA:102,34
DA:103,28
DA:104,28
DA:105,27
DA:116,33
DA:117,33
DA:118,26
DA:128,2
DA:129,6
DA:130,6
DA:131,6
DA:133,2
DA:141,0
DA:154,58
DA:166,64
DA:167,64
DA:168,64
DA:169,56
DA:171,8
DA:172,7
DA:174,60
DA:175,60
DA:177,58
DA:178,65
DA:179,56
DA:181,63
DA:182,63
DA:193,56
DA:201,23
DA:202,22
LF:59
LH:56
BRDA:24,1,0,1
BRDA:24,1,1,0
BRDA:42,2,0,2
BRDA:42,2,1,0
BRDA:43,3,0,1
BRDA:43,3,1,1
BRDA:51,4,0,0
BRDA:51,4,1,0
BRDA:63,5,0,3
BRDA:63,5,1,0
BRDA:64,6,0,2
BRDA:64,6,1,1
BRDA:64,7,0,1
BRDA:64,7,1,1
BRDA:74,8,0,3
BRDA:74,8,1,1
BRDA:80,9,0,4
BRDA:80,9,1,1
BRDA:86,10,0,1
BRDA:86,10,1,1
BRDA:98,11,0,37
BRDA:98,11,1,2
BRDA:99,12,0,37
BRDA:99,12,1,0
BRDA:100,13,0,37
BRDA:100,13,1,0
BRDA:101,14,0,34
BRDA:101,14,1,3
BRDA:101,15,0,34
BRDA:101,15,1,0
BRDA:102,16,0,28
BRDA:102,16,1,6
BRDA:104,17,0,27
BRDA:104,17,1,1
BRDA:141,18,0,0
BRDA:141,18,1,0
BRDA:141,19,0,0
BRDA:141,19,1,0
BRDA:168,20,0,56
BRDA:168,20,1,8
BRDA:169,21,0,54
BRDA:169,21,1,2
BRDA:169,22,0,26
BRDA:169,22,1,28
BRDA:171,23,0,7
BRDA:171,23,1,1
BRDA:172,24,0,6
BRDA:172,24,1,1
BRDA:175,25,0,58
BRDA:175,25,1,2
BRDA:178,26,0,56
BRDA:178,26,1,9
BRDA:179,27,0,54
BRDA:179,27,1,2
BRDA:201,28,0,22
BRDA:201,28,1,1
BRF:56
BRH:44
end_of_record
TN:
SF:/workspaces/gnus-ai/contracts/gnus-ai/GNUSNFTFactoryStorage.sol
FN:36,layout
FNF:1
FNH:1
FNDA:504,layout
DA:37,504
DA:38,504
LF:2
LH:2
BRF:0
BRH:0
end_of_record
TN:
SF:/workspaces/gnus-ai/contracts/gnus-ai/GNUSWithdrawLimiter.sol
FN:68,setDefaultLimitAmount
FN:83,setDefaultWindowSeconds
FN:99,setDefaultBinCount
FN:124,setAccountConfig
FN:140,setLimiterEnabled
FN:160,getWithdrawLimiterConfig
FN:183,getAccountConfig
FN:205,getAccountWithdrawStatus
FN:238,supportsInterface
FNF:9
FNH:8
FNDA:3,setDefaultLimitAmount
FNDA:1,setDefaultWindowSeconds
FNDA:2,setDefaultBinCount
FNDA:2,setAccountConfig
FNDA:11,setLimiterEnabled
FNDA:8,getWithdrawLimiterConfig
FNDA:3,getAccountConfig
FNDA:24,getAccountWithdrawStatus
FNDA:0,supportsInterface
DA:69,3
DA:70,3
DA:71,3
DA:84,1
DA:85,1
DA:86,1
DA:100,2
DA:101,1
DA:102,1
DA:103,1
DA:125,2
DA:126,2
DA:131,2
DA:141,11
DA:142,11
DA:143,11
DA:170,8
DA:171,8
DA:186,3
DA:187,3
DA:190,3
DA:191,3
DA:194,3
DA:208,24
DA:209,24
DA:213,24
DA:214,24
DA:216,24
DA:217,0
DA:219,24
DA:224,24
DA:225,24
DA:226,12
DA:228,12
DA:239,0
LF:35
LH:33
BRDA:68,1,0,3
BRDA:68,1,1,1
BRDA:83,2,0,1
BRDA:83,2,1,1
BRDA:99,3,0,2
BRDA:99,3,1,1
BRDA:100,4,0,1
BRDA:100,4,1,1
BRDA:124,5,0,2
BRDA:124,5,1,1
BRDA:140,6,0,11
BRDA:140,6,1,1
BRDA:190,7,0,2
BRDA:190,7,1,1
BRDA:192,8,0,2
BRDA:192,8,1,1
BRDA:194,9,0,2
BRDA:194,9,1,1
BRDA:216,10,0,0
BRDA:216,10,1,24
BRDA:225,11,0,12
BRDA:225,11,1,12
BRF:22
BRH:21
end_of_record
TN:
SF:/workspaces/gnus-ai/contracts/gnus-ai/GNUSWithdrawLimiterStorage.sol
FN:77,layout
FN:88,getAccountConfigOrDefaults
FN:108,calculateCurrentBin
FN:136,zeroExpiredBins
FN:161,sumActiveBins
FN:183,checkAndRecordWithdraw
FNF:6
FNH:6
FNDA:383,layout
FNDA:80,getAccountConfigOrDefaults
FNDA:52,calculateCurrentBin
FNDA:56,zeroExpiredBins
FNDA:80,sumActiveBins
FNDA:61,checkAndRecordWithdraw
DA:78,383
DA:79,383
DA:91,80
DA:92,80
DA:95,80
DA:96,80
DA:99,80
DA:113,52
DA:114,52
DA:117,52
DA:118,0
DA:122,52
DA:125,52
DA:128,52
DA:141,56
DA:142,56
DA:144,56
DA:147,56
DA:148,1344
DA:149,0
DA:150,0
DA:166,80
DA:167,80
DA:169,80
DA:172,80
DA:173,1632
DA:174,26
DA:184,61
DA:187,61
DA:188,5
DA:191,56
DA:192,56
DA:193,56
DA:196,56
DA:197,42
DA:199,42
DA:200,1008
DA:205,56
DA:208,56
DA:211,56
DA:212,4
DA:213,4
DA:217,52
DA:218,52
DA:219,52
DA:221,52
LF:46
LH:43
BRDA:95,1,0,80
BRDA:95,1,1,0
BRDA:97,2,0,80
BRDA:97,2,1,0
BRDA:99,3,0,80
BRDA:99,3,1,0
BRDA:117,4,0,0
BRDA:117,4,1,52
BRDA:148,5,0,0
BRDA:148,5,1,1344
BRDA:173,6,0,26
BRDA:173,6,1,1606
BRDA:187,7,0,5
BRDA:187,7,1,56
BRDA:196,8,0,42
BRDA:196,8,1,14
BRDA:211,9,0,4
BRDA:211,9,1,52
BRF:18
BRH:13
end_of_record
TN:
SF:/workspaces/gnus-ai/contracts/gnus-ai/libraries/TransferHelper.sol
FN:15,safeApprove
FN:27,safeTransfer
FN:40,safeTransferFrom
FN:51,safeTransferETH
FNF:4
FNH:4
FNDA:5,safeApprove
FNDA:9,safeTransfer
FNDA:6,safeTransferFrom
FNDA:5,safeTransferETH
DA:17,5
DA:18,5
DA:29,9
DA:30,9
DA:42,6
DA:43,6
DA:52,5
DA:53,5
LF:8
LH:8
BRDA:18,1,0,3
BRDA:18,1,1,2
BRDA:18,2,0,1
BRDA:18,2,1,2
BRDA:30,3,0,7
BRDA:30,3,1,2
BRDA:30,4,0,1
BRDA:30,4,1,6
BRDA:43,5,0,3
BRDA:43,5,1,3
BRDA:43,6,0,1
BRDA:43,6,1,2
BRDA:53,7,0,3
BRDA:53,7,1,2
BRF:14
BRH:14
end_of_record
TN:
SF:/workspaces/gnus-ai/contracts/mocks/MockBadERC20.sol
FN:23,constructor
FN:29,setFailTransfer
FN:33,setFailApprove
FN:37,setReturnFalse
FN:41,setReturnNothing
FN:45,mint
FN:51,transfer
FN:72,approve
FN:91,transferFrom
FNF:9
FNH:9
FNDA:1,constructor
FNDA:2,setFailTransfer
FNDA:1,setFailApprove
FNDA:3,setReturnFalse
FNDA:3,setReturnNothing
FNDA:11,mint
FNDA:3,transfer
FNDA:9,approve
FNDA:3,transferFrom
DA:24,1
DA:25,1
DA:26,1
DA:30,2
DA:34,1
DA:38,3
DA:42,3
DA:46,11
DA:47,11
DA:48,11
DA:52,3
DA:53,1
DA:55,2
DA:56,1
DA:59,1
DA:60,1
DA:61,1
DA:63,1
DA:65,1
DA:69,0
DA:73,9
DA:74,1
DA:76,8
DA:77,1
DA:80,7
DA:81,7
DA:83,7
DA:84,1
DA:88,6
DA:92,3
DA:93,1
DA:95,2
DA:96,1
DA:99,1
DA:100,1
DA:101,1
DA:102,1
DA:104,1
DA:105,1
DA:109,0
LF:40
LH:38
BRDA:52,1,0,1
BRDA:52,1,1,2
BRDA:55,2,0,1
BRDA:55,2,1,1
BRDA:63,3,0,1
BRDA:63,3,1,0
BRDA:73,4,0,1
BRDA:73,4,1,8
BRDA:76,5,0,1
BRDA:76,5,1,7
BRDA:83,6,0,1
BRDA:83,6,1,6
BRDA:92,7,0,1
BRDA:92,7,1,2
BRDA:95,8,0,1
BRDA:95,8,1,1
BRDA:104,9,0,1
BRDA:104,9,1,0
BRF:18
BRH:16
end_of_record
TN:
SF:/workspaces/gnus-ai/contracts/mocks/MockERC20.sol
FN:20,constructor
FN:30,transfer
FN:38,approve
FN:44,transferFrom
FN:54,mint
FN:60,burn
FNF:6
FNH:5
FNDA:5,constructor
FNDA:6,transfer
FNDA:8,approve
FNDA:3,transferFrom
FNDA:15,mint
FNDA:0,burn
DA:25,5
DA:26,5
DA:27,5
DA:31,6
DA:32,6
DA:33,6
DA:34,6
DA:35,6
DA:39,8
DA:40,8
DA:41,8
DA:45,3
DA:46,2
DA:47,2
DA:48,2
DA:49,2
DA:50,2
DA:51,2
DA:55,15
DA:56,15
DA:57,15
DA:61,0
DA:62,0
DA:63,0
DA:64,0
LF:25
LH:21
BRDA:31,1,0,6
BRDA:31,1,1,0
BRDA:45,2,0,2
BRDA:45,2,1,1
BRDA:46,3,0,2
BRDA:46,3,1,0
BRDA:61,4,0,0
BRDA:61,4,1,0
BRF:8
BRH:4
end_of_record
TN:
SF:/workspaces/gnus-ai/contracts/mocks/MockNonPayable.sol
FN:13,markCalled
FNF:1
FNH:0
FNDA:0,markCalled
DA:14,0
LF:1
LH:0
BRF:0
BRH:0
end_of_record
TN:
SF:/workspaces/gnus-ai/contracts/mocks/TransferHelperWrapper.sol
FN:13,wrapSafeApprove
FN:18,wrapSafeTransfer
FN:23,wrapSafeTransferFrom
FN:28,wrapSafeTransferETH
FNF:4
FNH:4
FNDA:5,wrapSafeApprove
FNDA:5,wrapSafeTransfer
FNDA:6,wrapSafeTransferFrom
FNDA:5,wrapSafeTransferETH
DA:14,5
DA:19,5
DA:24,6
DA:29,5
LF:4
LH:4
BRF:0
BRH:0
end_of_record
